2025-02-13T18:03:14.846641+0000 INFO Iniciando o servidor...
2025-02-13T18:03:14.851831+0000 INFO Banco de dados inicializado com sucesso.
2025-02-13T18:03:18.718768+0000 INFO Requisição recebida
2025-02-13T18:03:18.720812+0000 INFO Resposta enviada
2025-02-13T18:03:18.721449+0000 INFO Tempo de processamento
2025-02-13T18:03:48.807696+0000 INFO Requisição recebida
2025-02-13T18:03:48.813335+0000 INFO Resposta enviada
2025-02-13T18:03:48.814199+0000 INFO Tempo de processamento
2025-02-13T18:04:18.991080+0000 INFO Requisição recebida
2025-02-13T18:04:19.003909+0000 INFO Resposta enviada
2025-02-13T18:04:19.005022+0000 INFO Tempo de processamento
2025-02-13T18:04:49.123774+0000 INFO Requisição recebida
2025-02-13T18:04:49.132603+0000 INFO Resposta enviada
2025-02-13T18:04:49.133366+0000 INFO Tempo de processamento
2025-02-13T18:05:19.235432+0000 INFO Requisição recebida
2025-02-13T18:05:19.240677+0000 INFO Resposta enviada
2025-02-13T18:05:19.241994+0000 INFO Tempo de processamento
2025-02-13T18:05:26.741716+0000 INFO Requisição recebida
2025-02-13T18:05:26.751750+0000 INFO Resposta enviada
2025-02-13T18:05:26.753283+0000 INFO Tempo de processamento
2025-02-13T18:05:49.324213+0000 INFO Requisição recebida
2025-02-13T18:05:49.329085+0000 INFO Resposta enviada
2025-02-13T18:05:49.329923+0000 INFO Tempo de processamento
2025-02-13T18:06:19.418444+0000 INFO Requisição recebida
2025-02-13T18:06:19.424863+0000 INFO Resposta enviada
2025-02-13T18:06:19.425662+0000 INFO Tempo de processamento
2025-02-13T18:06:49.518925+0000 INFO Requisição recebida
2025-02-13T18:06:49.524653+0000 INFO Resposta enviada
2025-02-13T18:06:49.525494+0000 INFO Tempo de processamento
2025-02-13T18:07:19.605652+0000 INFO Requisição recebida
2025-02-13T18:07:19.611180+0000 INFO Resposta enviada
2025-02-13T18:07:19.612072+0000 INFO Tempo de processamento
2025-02-13T18:07:49.715592+0000 INFO Requisição recebida
2025-02-13T18:07:49.721001+0000 INFO Resposta enviada
2025-02-13T18:07:49.721826+0000 INFO Tempo de processamento
2025-02-13T18:08:19.812329+0000 INFO Requisição recebida
2025-02-13T18:08:19.816657+0000 INFO Resposta enviada
2025-02-13T18:08:19.817506+0000 INFO Tempo de processamento
2025-02-13T18:08:49.909134+0000 INFO Requisição recebida
2025-02-13T18:08:49.913789+0000 INFO Resposta enviada
2025-02-13T18:08:49.914650+0000 INFO Tempo de processamento
2025-02-13T18:09:20.005383+0000 INFO Requisição recebida
2025-02-13T18:09:20.010777+0000 INFO Resposta enviada
2025-02-13T18:09:20.011805+0000 INFO Tempo de processamento
2025-02-13T18:09:50.105374+0000 INFO Requisição recebida
2025-02-13T18:09:50.109687+0000 INFO Resposta enviada
2025-02-13T18:09:50.110399+0000 INFO Tempo de processamento
2025-02-13T18:10:20.195285+0000 INFO Requisição recebida
2025-02-13T18:10:20.200585+0000 INFO Resposta enviada
2025-02-13T18:10:20.201434+0000 INFO Tempo de processamento
2025-02-13T18:10:50.285883+0000 INFO Requisição recebida
2025-02-13T18:10:50.293604+0000 INFO Resposta enviada
2025-02-13T18:10:50.294703+0000 INFO Tempo de processamento
2025-02-13T18:11:20.393325+0000 INFO Requisição recebida
2025-02-13T18:11:20.399249+0000 INFO Resposta enviada
2025-02-13T18:11:20.400099+0000 INFO Tempo de processamento
2025-02-13T18:11:50.489641+0000 INFO Requisição recebida
2025-02-13T18:11:50.495063+0000 INFO Resposta enviada
2025-02-13T18:11:50.495870+0000 INFO Tempo de processamento
2025-02-13T18:12:20.581725+0000 INFO Requisição recebida
2025-02-13T18:12:20.586286+0000 INFO Resposta enviada
2025-02-13T18:12:20.586996+0000 INFO Tempo de processamento
2025-02-13T18:12:50.619990+0000 INFO Requisição recebida
2025-02-13T18:12:50.624343+0000 INFO Resposta enviada
2025-02-13T18:12:50.625121+0000 INFO Tempo de processamento
2025-02-13T18:13:20.712570+0000 INFO Requisição recebida
2025-02-13T18:13:20.718214+0000 INFO Resposta enviada
2025-02-13T18:13:20.719142+0000 INFO Tempo de processamento
2025-02-13T18:13:50.800136+0000 INFO Requisição recebida
2025-02-13T18:13:50.804894+0000 INFO Resposta enviada
2025-02-13T18:13:50.805827+0000 INFO Tempo de processamento
2025-02-13T18:14:20.905081+0000 INFO Requisição recebida
2025-02-13T18:14:20.909900+0000 INFO Resposta enviada
2025-02-13T18:14:20.910639+0000 INFO Tempo de processamento
2025-02-13T18:14:51.002332+0000 INFO Requisição recebida
2025-02-13T18:14:51.006885+0000 INFO Resposta enviada
2025-02-13T18:14:51.007656+0000 INFO Tempo de processamento
2025-02-13T18:15:21.080171+0000 INFO Requisição recebida
2025-02-13T18:15:21.085981+0000 INFO Resposta enviada
2025-02-13T18:15:21.086794+0000 INFO Tempo de processamento
2025-02-13T18:15:51.169066+0000 INFO Requisição recebida
2025-02-13T18:15:51.176306+0000 INFO Resposta enviada
2025-02-13T18:15:51.178045+0000 INFO Tempo de processamento
2025-02-13T18:16:21.266588+0000 INFO Requisição recebida
2025-02-13T18:16:21.275785+0000 INFO Resposta enviada
2025-02-13T18:16:21.279067+0000 INFO Tempo de processamento
2025-02-13T18:16:51.348989+0000 INFO Requisição recebida
2025-02-13T18:16:51.353961+0000 INFO Resposta enviada
2025-02-13T18:16:51.354876+0000 INFO Tempo de processamento
2025-02-13T18:17:21.421845+0000 INFO Requisição recebida
2025-02-13T18:17:21.426847+0000 INFO Resposta enviada
2025-02-13T18:17:21.427635+0000 INFO Tempo de processamento
2025-02-13T18:17:51.514907+0000 INFO Requisição recebida
2025-02-13T18:17:51.519854+0000 INFO Resposta enviada
2025-02-13T18:17:51.520713+0000 INFO Tempo de processamento
2025-02-13T18:18:21.596672+0000 INFO Requisição recebida
2025-02-13T18:18:21.600774+0000 INFO Resposta enviada
2025-02-13T18:18:21.601517+0000 INFO Tempo de processamento
2025-02-13T18:18:51.677833+0000 INFO Requisição recebida
2025-02-13T18:18:51.686398+0000 INFO Resposta enviada
2025-02-13T18:18:51.687128+0000 INFO Tempo de processamento
2025-02-13T18:19:21.789391+0000 INFO Requisição recebida
2025-02-13T18:19:21.794247+0000 INFO Resposta enviada
2025-02-13T18:19:21.795139+0000 INFO Tempo de processamento
2025-02-13T18:19:51.890228+0000 INFO Requisição recebida
2025-02-13T18:19:51.896654+0000 INFO Resposta enviada
2025-02-13T18:19:51.897647+0000 INFO Tempo de processamento
2025-02-13T18:20:22.015621+0000 INFO Requisição recebida
2025-02-13T18:20:22.022693+0000 INFO Resposta enviada
2025-02-13T18:20:22.023602+0000 INFO Tempo de processamento
2025-02-13T18:20:52.156599+0000 INFO Requisição recebida
2025-02-13T18:20:52.161875+0000 INFO Resposta enviada
2025-02-13T18:20:52.162713+0000 INFO Tempo de processamento
2025-02-13T18:21:22.269113+0000 INFO Requisição recebida
2025-02-13T18:21:22.276079+0000 INFO Resposta enviada
2025-02-13T18:21:22.276840+0000 INFO Tempo de processamento
2025-02-13T18:21:52.370922+0000 INFO Requisição recebida
2025-02-13T18:21:52.393033+0000 INFO Resposta enviada
2025-02-13T18:21:52.394077+0000 INFO Tempo de processamento
2025-02-13T18:22:22.467484+0000 INFO Requisição recebida
2025-02-13T18:22:22.471746+0000 INFO Resposta enviada
2025-02-13T18:22:22.472468+0000 INFO Tempo de processamento
2025-02-13T18:22:52.601681+0000 INFO Requisição recebida
2025-02-13T18:22:52.642747+0000 INFO Resposta enviada
2025-02-13T18:22:52.643756+0000 INFO Tempo de processamento
2025-02-13T18:23:22.723567+0000 INFO Requisição recebida
2025-02-13T18:23:22.728588+0000 INFO Resposta enviada
2025-02-13T18:23:22.729405+0000 INFO Tempo de processamento
2025-02-13T18:23:52.814229+0000 INFO Requisição recebida
2025-02-13T18:23:52.818238+0000 INFO Resposta enviada
2025-02-13T18:23:52.818965+0000 INFO Tempo de processamento
2025-02-13T18:24:22.904399+0000 INFO Requisição recebida
2025-02-13T18:24:22.909529+0000 INFO Resposta enviada
2025-02-13T18:24:22.910341+0000 INFO Tempo de processamento
2025-02-13T18:24:53.040889+0000 INFO Requisição recebida
2025-02-13T18:24:53.052830+0000 INFO Resposta enviada
2025-02-13T18:24:53.054839+0000 INFO Tempo de processamento
2025-02-13T18:25:23.140853+0000 INFO Requisição recebida
2025-02-13T18:25:23.148067+0000 INFO Resposta enviada
2025-02-13T18:25:23.149002+0000 INFO Tempo de processamento
2025-02-13T18:25:53.224416+0000 INFO Requisição recebida
2025-02-13T18:25:53.243290+0000 INFO Resposta enviada
2025-02-13T18:25:53.244344+0000 INFO Tempo de processamento
2025-02-13T18:26:23.326982+0000 INFO Requisição recebida
2025-02-13T18:26:23.332414+0000 INFO Resposta enviada
2025-02-13T18:26:23.333220+0000 INFO Tempo de processamento
2025-02-13T18:26:53.442718+0000 INFO Requisição recebida
2025-02-13T18:26:53.449924+0000 INFO Resposta enviada
2025-02-13T18:26:53.450730+0000 INFO Tempo de processamento
2025-02-13T18:27:23.529133+0000 INFO Requisição recebida
2025-02-13T18:27:23.534835+0000 INFO Resposta enviada
2025-02-13T18:27:23.535886+0000 INFO Tempo de processamento
2025-02-13T18:27:53.590072+0000 INFO Requisição recebida
2025-02-13T18:27:53.594660+0000 INFO Resposta enviada
2025-02-13T18:27:53.595414+0000 INFO Tempo de processamento
2025-02-13T18:28:23.663604+0000 INFO Requisição recebida
2025-02-13T18:28:23.669886+0000 INFO Resposta enviada
2025-02-13T18:28:23.670883+0000 INFO Tempo de processamento
2025-02-13T18:28:53.748639+0000 INFO Requisição recebida
2025-02-13T18:28:53.756040+0000 INFO Resposta enviada
2025-02-13T18:28:53.757315+0000 INFO Tempo de processamento
2025-02-13T18:29:23.844425+0000 INFO Requisição recebida
2025-02-13T18:29:23.850030+0000 INFO Resposta enviada
2025-02-13T18:29:23.850990+0000 INFO Tempo de processamento
2025-02-13T18:29:53.950905+0000 INFO Requisição recebida
2025-02-13T18:29:53.956584+0000 INFO Resposta enviada
2025-02-13T18:29:53.957301+0000 INFO Tempo de processamento
2025-02-13T18:30:24.044837+0000 INFO Requisição recebida
2025-02-13T18:30:24.050823+0000 INFO Resposta enviada
2025-02-13T18:30:24.051729+0000 INFO Tempo de processamento
2025-02-13T18:30:54.140499+0000 INFO Requisição recebida
2025-02-13T18:30:54.160596+0000 INFO Resposta enviada
2025-02-13T18:30:54.162406+0000 INFO Tempo de processamento
2025-02-13T18:31:24.242455+0000 INFO Requisição recebida
2025-02-13T18:31:24.249172+0000 INFO Resposta enviada
2025-02-13T18:31:24.250081+0000 INFO Tempo de processamento
2025-02-13T18:31:54.370897+0000 INFO Requisição recebida
2025-02-13T18:31:54.391740+0000 INFO Resposta enviada
2025-02-13T18:31:54.393101+0000 INFO Tempo de processamento
2025-02-13T18:32:24.471224+0000 INFO Requisição recebida
2025-02-13T18:32:24.477260+0000 INFO Resposta enviada
2025-02-13T18:32:24.478128+0000 INFO Tempo de processamento
2025-02-13T18:32:54.577934+0000 INFO Requisição recebida
2025-02-13T18:32:54.585297+0000 INFO Resposta enviada
2025-02-13T18:32:54.586521+0000 INFO Tempo de processamento
2025-02-13T18:33:24.676146+0000 INFO Requisição recebida
2025-02-13T18:33:24.681222+0000 INFO Resposta enviada
2025-02-13T18:33:24.682058+0000 INFO Tempo de processamento
2025-02-13T18:33:54.790893+0000 INFO Requisição recebida
2025-02-13T18:33:54.798561+0000 INFO Resposta enviada
2025-02-13T18:33:54.800958+0000 INFO Tempo de processamento
2025-02-13T18:34:24.904902+0000 INFO Requisição recebida
2025-02-13T18:34:24.910782+0000 INFO Resposta enviada
2025-02-13T18:34:24.911673+0000 INFO Tempo de processamento
2025-02-13T18:34:55.013571+0000 INFO Requisição recebida
2025-02-13T18:34:55.019814+0000 INFO Resposta enviada
2025-02-13T18:34:55.020905+0000 INFO Tempo de processamento
2025-02-13T18:35:25.114703+0000 INFO Requisição recebida
2025-02-13T18:35:25.123789+0000 INFO Resposta enviada
2025-02-13T18:35:25.125467+0000 INFO Tempo de processamento
2025-02-13T18:35:55.207789+0000 INFO Requisição recebida
2025-02-13T18:35:55.215181+0000 INFO Resposta enviada
2025-02-13T18:35:55.216277+0000 INFO Tempo de processamento
2025-02-13T18:36:25.307313+0000 INFO Requisição recebida
2025-02-13T18:36:25.319500+0000 INFO Resposta enviada
2025-02-13T18:36:25.321392+0000 INFO Tempo de processamento
2025-02-13T18:36:55.422442+0000 INFO Requisição recebida
2025-02-13T18:36:55.427630+0000 INFO Resposta enviada
2025-02-13T18:36:55.428561+0000 INFO Tempo de processamento
2025-02-13T18:37:25.511979+0000 INFO Requisição recebida
2025-02-13T18:37:25.523294+0000 INFO Resposta enviada
2025-02-13T18:37:25.524497+0000 INFO Tempo de processamento
2025-02-13T18:37:55.590892+0000 INFO Requisição recebida
2025-02-13T18:37:55.604849+0000 INFO Resposta enviada
2025-02-13T18:37:55.606762+0000 INFO Tempo de processamento
2025-02-13T18:38:25.662406+0000 INFO Requisição recebida
2025-02-13T18:38:25.667057+0000 INFO Resposta enviada
2025-02-13T18:38:25.667799+0000 INFO Tempo de processamento
2025-02-13T18:38:55.799909+0000 INFO Requisição recebida
2025-02-13T18:38:55.820710+0000 INFO Resposta enviada
2025-02-13T18:38:55.825307+0000 INFO Tempo de processamento
2025-02-13T18:39:25.932413+0000 INFO Requisição recebida
2025-02-13T18:39:25.938483+0000 INFO Resposta enviada
2025-02-13T18:39:25.939465+0000 INFO Tempo de processamento
2025-02-13T18:39:56.036679+0000 INFO Requisição recebida
2025-02-13T18:39:56.041897+0000 INFO Resposta enviada
2025-02-13T18:39:56.042766+0000 INFO Tempo de processamento
2025-02-13T18:40:26.181856+0000 INFO Requisição recebida
2025-02-13T18:40:26.187954+0000 INFO Resposta enviada
2025-02-13T18:40:26.188999+0000 INFO Tempo de processamento
2025-02-13T18:40:56.308459+0000 INFO Requisição recebida
2025-02-13T18:40:56.319060+0000 INFO Resposta enviada
2025-02-13T18:40:56.319978+0000 INFO Tempo de processamento
2025-02-13T18:41:26.416191+0000 INFO Requisição recebida
2025-02-13T18:41:26.421608+0000 INFO Resposta enviada
2025-02-13T18:41:26.422479+0000 INFO Tempo de processamento
2025-02-13T18:41:56.511140+0000 INFO Requisição recebida
2025-02-13T18:41:56.516741+0000 INFO Resposta enviada
2025-02-13T18:41:56.517661+0000 INFO Tempo de processamento
2025-02-13T18:42:26.591422+0000 INFO Requisição recebida
2025-02-13T18:42:26.595787+0000 INFO Resposta enviada
2025-02-13T18:42:26.596652+0000 INFO Tempo de processamento
2025-02-13T18:42:56.678180+0000 INFO Requisição recebida
2025-02-13T18:42:56.681370+0000 INFO Resposta enviada
2025-02-13T18:42:56.682067+0000 INFO Tempo de processamento
2025-02-13T18:43:26.740377+0000 INFO Requisição recebida
2025-02-13T18:43:26.746333+0000 INFO Resposta enviada
2025-02-13T18:43:26.748373+0000 INFO Tempo de processamento
2025-02-13T18:43:56.841981+0000 INFO Requisição recebida
2025-02-13T18:43:56.847524+0000 INFO Resposta enviada
2025-02-13T18:43:56.848474+0000 INFO Tempo de processamento
2025-02-13T18:44:26.925963+0000 INFO Requisição recebida
2025-02-13T18:44:26.931095+0000 INFO Resposta enviada
2025-02-13T18:44:26.932075+0000 INFO Tempo de processamento
2025-02-13T18:44:57.029938+0000 INFO Requisição recebida
2025-02-13T18:44:57.036559+0000 INFO Resposta enviada
2025-02-13T18:44:57.037833+0000 INFO Tempo de processamento
2025-02-13T18:45:27.130596+0000 INFO Requisição recebida
2025-02-13T18:45:27.137080+0000 INFO Resposta enviada
2025-02-13T18:45:27.138003+0000 INFO Tempo de processamento
2025-02-13T18:45:57.228145+0000 INFO Requisição recebida
2025-02-13T18:45:57.241949+0000 INFO Resposta enviada
2025-02-13T18:45:57.243945+0000 INFO Tempo de processamento
2025-02-13T18:46:27.329686+0000 INFO Requisição recebida
2025-02-13T18:46:27.335275+0000 INFO Resposta enviada
2025-02-13T18:46:27.336346+0000 INFO Tempo de processamento
2025-02-13T18:46:57.417736+0000 INFO Requisição recebida
2025-02-13T18:46:57.423793+0000 INFO Resposta enviada
2025-02-13T18:46:57.424759+0000 INFO Tempo de processamento
2025-02-13T18:47:27.465508+0000 INFO Requisição recebida
2025-02-13T18:47:27.471639+0000 INFO Resposta enviada
2025-02-13T18:47:27.472573+0000 INFO Tempo de processamento
2025-02-13T18:47:57.584653+0000 INFO Requisição recebida
2025-02-13T18:47:57.591080+0000 INFO Resposta enviada
2025-02-13T18:47:57.592098+0000 INFO Tempo de processamento
2025-02-13T18:48:27.689428+0000 INFO Requisição recebida
2025-02-13T18:48:27.694610+0000 INFO Resposta enviada
2025-02-13T18:48:27.695520+0000 INFO Tempo de processamento
2025-02-13T18:48:57.783051+0000 INFO Requisição recebida
2025-02-13T18:48:57.791153+0000 INFO Resposta enviada
2025-02-13T18:48:57.792265+0000 INFO Tempo de processamento
2025-02-13T18:49:27.876009+0000 INFO Requisição recebida
2025-02-13T18:49:27.881535+0000 INFO Resposta enviada
2025-02-13T18:49:27.882392+0000 INFO Tempo de processamento
2025-02-13T18:49:57.974987+0000 INFO Requisição recebida
2025-02-13T18:49:57.981134+0000 INFO Resposta enviada
2025-02-13T18:49:57.982269+0000 INFO Tempo de processamento
2025-02-13T18:50:28.078095+0000 INFO Requisição recebida
2025-02-13T18:50:28.086009+0000 INFO Resposta enviada
2025-02-13T18:50:28.086945+0000 INFO Tempo de processamento
2025-02-13T18:50:58.166748+0000 INFO Requisição recebida
2025-02-13T18:50:58.173981+0000 INFO Resposta enviada
2025-02-13T18:50:58.174948+0000 INFO Tempo de processamento
2025-02-13T18:51:28.249053+0000 INFO Requisição recebida
2025-02-13T18:51:28.259118+0000 INFO Resposta enviada
2025-02-13T18:51:28.260183+0000 INFO Tempo de processamento
2025-02-13T18:51:58.329221+0000 INFO Requisição recebida
2025-02-13T18:51:58.336875+0000 INFO Resposta enviada
2025-02-13T18:51:58.337761+0000 INFO Tempo de processamento
2025-02-13T18:52:28.426842+0000 INFO Requisição recebida
2025-02-13T18:52:28.433324+0000 INFO Resposta enviada
2025-02-13T18:52:28.434365+0000 INFO Tempo de processamento
2025-02-13T18:52:58.529324+0000 INFO Requisição recebida
2025-02-13T18:52:58.534801+0000 INFO Resposta enviada
2025-02-13T18:52:58.535739+0000 INFO Tempo de processamento
2025-02-13T18:53:28.608293+0000 INFO Requisição recebida
2025-02-13T18:53:28.622300+0000 INFO Resposta enviada
2025-02-13T18:53:28.623413+0000 INFO Tempo de processamento
2025-02-13T18:53:58.706496+0000 INFO Requisição recebida
2025-02-13T18:53:58.712350+0000 INFO Resposta enviada
2025-02-13T18:53:58.713301+0000 INFO Tempo de processamento
2025-02-13T18:54:28.810887+0000 INFO Requisição recebida
2025-02-13T18:54:28.817317+0000 INFO Resposta enviada
2025-02-13T18:54:28.818856+0000 INFO Tempo de processamento
2025-02-13T18:54:58.902211+0000 INFO Requisição recebida
2025-02-13T18:54:58.908504+0000 INFO Resposta enviada
2025-02-13T18:54:58.909603+0000 INFO Tempo de processamento
2025-02-13T18:55:29.013439+0000 INFO Requisição recebida
2025-02-13T18:55:29.020677+0000 INFO Resposta enviada
2025-02-13T18:55:29.021668+0000 INFO Tempo de processamento
2025-02-13T18:55:59.127149+0000 INFO Requisição recebida
2025-02-13T18:55:59.134579+0000 INFO Resposta enviada
2025-02-13T18:55:59.135848+0000 INFO Tempo de processamento
2025-02-13T18:56:29.253490+0000 INFO Requisição recebida
2025-02-13T18:56:29.259441+0000 INFO Resposta enviada
2025-02-13T18:56:29.260270+0000 INFO Tempo de processamento
2025-02-13T18:56:59.332626+0000 INFO Requisição recebida
2025-02-13T18:56:59.338597+0000 INFO Resposta enviada
2025-02-13T18:56:59.339419+0000 INFO Tempo de processamento
2025-02-13T18:57:29.413687+0000 INFO Requisição recebida
2025-02-13T18:57:29.419394+0000 INFO Resposta enviada
2025-02-13T18:57:29.420313+0000 INFO Tempo de processamento
2025-02-13T18:57:59.489776+0000 INFO Requisição recebida
2025-02-13T18:57:59.495396+0000 INFO Resposta enviada
2025-02-13T18:57:59.496545+0000 INFO Tempo de processamento
2025-02-13T18:58:29.587418+0000 INFO Requisição recebida
2025-02-13T18:58:29.593283+0000 INFO Resposta enviada
2025-02-13T18:58:29.594296+0000 INFO Tempo de processamento
2025-02-13T18:58:59.686017+0000 INFO Requisição recebida
2025-02-13T18:58:59.690779+0000 INFO Resposta enviada
2025-02-13T18:58:59.692365+0000 INFO Tempo de processamento
2025-02-13T18:59:29.808712+0000 INFO Requisição recebida
2025-02-13T18:59:29.815112+0000 INFO Resposta enviada
2025-02-13T18:59:29.815930+0000 INFO Tempo de processamento
2025-02-13T18:59:59.911975+0000 INFO Requisição recebida
2025-02-13T18:59:59.917870+0000 INFO Resposta enviada
2025-02-13T18:59:59.918806+0000 INFO Tempo de processamento
2025-02-13T19:00:29.994202+0000 INFO Requisição recebida
2025-02-13T19:00:30.006688+0000 INFO Resposta enviada
2025-02-13T19:00:30.008255+0000 INFO Tempo de processamento
2025-02-13T19:01:00.115287+0000 INFO Requisição recebida
2025-02-13T19:01:00.121031+0000 INFO Resposta enviada
2025-02-13T19:01:00.121880+0000 INFO Tempo de processamento
2025-02-13T19:01:30.215552+0000 INFO Requisição recebida
2025-02-13T19:01:30.221133+0000 INFO Resposta enviada
2025-02-13T19:01:30.222110+0000 INFO Tempo de processamento
2025-02-13T19:02:00.375339+0000 INFO Requisição recebida
2025-02-13T19:02:00.384614+0000 INFO Resposta enviada
2025-02-13T19:02:00.385914+0000 INFO Tempo de processamento
2025-02-13T19:02:30.469895+0000 INFO Requisição recebida
2025-02-13T19:02:30.476304+0000 INFO Resposta enviada
2025-02-13T19:02:30.477337+0000 INFO Tempo de processamento
2025-02-13T19:03:00.602874+0000 INFO Requisição recebida
2025-02-13T19:03:00.613409+0000 INFO Resposta enviada
2025-02-13T19:03:00.616467+0000 INFO Tempo de processamento
2025-02-13T19:03:30.704762+0000 INFO Requisição recebida
2025-02-13T19:03:30.710169+0000 INFO Resposta enviada
2025-02-13T19:03:30.711080+0000 INFO Tempo de processamento
2025-02-13T19:04:00.811576+0000 INFO Requisição recebida
2025-02-13T19:04:00.821655+0000 INFO Resposta enviada
2025-02-13T19:04:00.822646+0000 INFO Tempo de processamento
2025-02-13T19:04:30.896713+0000 INFO Requisição recebida
2025-02-13T19:04:30.900707+0000 INFO Resposta enviada
2025-02-13T19:04:30.901469+0000 INFO Tempo de processamento
2025-02-13T19:05:00.981776+0000 INFO Requisição recebida
2025-02-13T19:05:00.987308+0000 INFO Resposta enviada
2025-02-13T19:05:00.988387+0000 INFO Tempo de processamento
2025-02-13T19:05:31.088722+0000 INFO Requisição recebida
2025-02-13T19:05:31.094116+0000 INFO Resposta enviada
2025-02-13T19:05:31.095057+0000 INFO Tempo de processamento
2025-02-13T19:06:01.188068+0000 INFO Requisição recebida
2025-02-13T19:06:01.192680+0000 INFO Resposta enviada
2025-02-13T19:06:01.193486+0000 INFO Tempo de processamento
2025-02-13T19:06:31.238361+0000 INFO Requisição recebida
2025-02-13T19:06:31.243330+0000 INFO Resposta enviada
2025-02-13T19:06:31.244139+0000 INFO Tempo de processamento
2025-02-13T19:06:36.313460+0000 INFO Requisição recebida
2025-02-13T19:06:36.365962+0000 ERROR Erro no processamento da requisição: 'AsyncSession' object has no attribute 'query'
2025-02-13T19:07:01.327782+0000 INFO Requisição recebida
2025-02-13T19:07:01.346625+0000 INFO Resposta enviada
2025-02-13T19:07:01.347348+0000 INFO Tempo de processamento
2025-02-13T19:07:31.430459+0000 INFO Requisição recebida
2025-02-13T19:07:31.436413+0000 INFO Resposta enviada
2025-02-13T19:07:31.438223+0000 INFO Tempo de processamento
2025-02-13T19:08:01.530425+0000 INFO Requisição recebida
2025-02-13T19:08:01.534921+0000 INFO Resposta enviada
2025-02-13T19:08:01.535694+0000 INFO Tempo de processamento
2025-02-13T19:08:31.635497+0000 INFO Requisição recebida
2025-02-13T19:08:31.648545+0000 INFO Resposta enviada
2025-02-13T19:08:31.649487+0000 INFO Tempo de processamento
2025-02-13T19:09:01.735728+0000 INFO Requisição recebida
2025-02-13T19:09:01.742482+0000 INFO Resposta enviada
2025-02-13T19:09:01.743335+0000 INFO Tempo de processamento
2025-02-13T19:09:31.851594+0000 INFO Requisição recebida
2025-02-13T19:09:31.856652+0000 INFO Resposta enviada
2025-02-13T19:09:31.857462+0000 INFO Tempo de processamento
2025-02-13T19:10:01.955823+0000 INFO Requisição recebida
2025-02-13T19:10:01.961665+0000 INFO Resposta enviada
2025-02-13T19:10:01.962802+0000 INFO Tempo de processamento
2025-02-13T19:10:32.075489+0000 INFO Requisição recebida
2025-02-13T19:10:32.081929+0000 INFO Resposta enviada
2025-02-13T19:10:32.082747+0000 INFO Tempo de processamento
2025-02-13T19:11:02.206136+0000 INFO Requisição recebida
2025-02-13T19:11:02.210969+0000 INFO Resposta enviada
2025-02-13T19:11:02.211729+0000 INFO Tempo de processamento
2025-02-13T19:11:32.312801+0000 INFO Requisição recebida
2025-02-13T19:11:32.318949+0000 INFO Resposta enviada
2025-02-13T19:11:32.319776+0000 INFO Tempo de processamento
2025-02-13T19:12:02.392697+0000 INFO Requisição recebida
2025-02-13T19:12:02.398067+0000 INFO Resposta enviada
2025-02-13T19:12:02.398921+0000 INFO Tempo de processamento
2025-02-13T19:12:32.488198+0000 INFO Requisição recebida
2025-02-13T19:12:32.497395+0000 INFO Resposta enviada
2025-02-13T19:12:32.498891+0000 INFO Tempo de processamento
2025-02-13T19:13:02.592146+0000 INFO Requisição recebida
2025-02-13T19:13:02.596863+0000 INFO Resposta enviada
2025-02-13T19:13:02.597607+0000 INFO Tempo de processamento
2025-02-13T19:13:18.651071+0000 INFO Iniciando o servidor...
2025-02-13T19:13:18.654464+0000 INFO Banco de dados inicializado com sucesso.
2025-02-13T19:13:22.208277+0000 INFO Requisição recebida
2025-02-13T19:13:22.209488+0000 INFO Resposta enviada
2025-02-13T19:13:22.210126+0000 INFO Tempo de processamento
2025-02-13T19:13:52.469184+0000 INFO Requisição recebida
2025-02-13T19:13:52.482781+0000 INFO Resposta enviada
2025-02-13T19:13:52.486140+0000 INFO Tempo de processamento
2025-02-13T19:14:22.584860+0000 INFO Requisição recebida
2025-02-13T19:14:22.591297+0000 INFO Resposta enviada
2025-02-13T19:14:22.592245+0000 INFO Tempo de processamento
2025-02-13T19:14:52.665649+0000 INFO Requisição recebida
2025-02-13T19:14:52.672916+0000 INFO Resposta enviada
2025-02-13T19:14:52.673883+0000 INFO Tempo de processamento
2025-02-13T19:15:04.628243+0000 INFO Iniciando o servidor...
2025-02-13T19:15:04.632041+0000 INFO Banco de dados inicializado com sucesso.
2025-02-13T19:15:08.531518+0000 INFO Requisição recebida
2025-02-13T19:15:08.532795+0000 INFO Resposta enviada
2025-02-13T19:15:08.533465+0000 INFO Tempo de processamento
2025-02-13T19:15:35.591369+0000 INFO Requisição recebida
2025-02-13T19:15:35.858811+0000 INFO Resposta enviada
2025-02-13T19:15:35.859537+0000 INFO Tempo de processamento
2025-02-13T19:15:38.643561+0000 INFO Requisição recebida
2025-02-13T19:15:38.650774+0000 INFO Resposta enviada
2025-02-13T19:15:38.651739+0000 INFO Tempo de processamento
2025-02-13T19:16:08.734011+0000 INFO Requisição recebida
2025-02-13T19:16:08.743082+0000 INFO Resposta enviada
2025-02-13T19:16:08.743981+0000 INFO Tempo de processamento
2025-02-13T19:16:38.822064+0000 INFO Requisição recebida
2025-02-13T19:16:38.827926+0000 INFO Resposta enviada
2025-02-13T19:16:38.828802+0000 INFO Tempo de processamento
2025-02-13T19:17:08.918501+0000 INFO Requisição recebida
2025-02-13T19:17:08.925383+0000 INFO Resposta enviada
2025-02-13T19:17:08.926368+0000 INFO Tempo de processamento
2025-02-13T19:17:39.023365+0000 INFO Requisição recebida
2025-02-13T19:17:39.030226+0000 INFO Resposta enviada
2025-02-13T19:17:39.031098+0000 INFO Tempo de processamento
2025-02-13T19:18:09.150364+0000 INFO Requisição recebida
2025-02-13T19:18:09.160985+0000 INFO Resposta enviada
2025-02-13T19:18:09.163621+0000 INFO Tempo de processamento
2025-02-13T19:18:39.250154+0000 INFO Requisição recebida
2025-02-13T19:18:39.256543+0000 INFO Resposta enviada
2025-02-13T19:18:39.257531+0000 INFO Tempo de processamento
2025-02-13T19:19:09.345408+0000 INFO Requisição recebida
2025-02-13T19:19:09.350907+0000 INFO Resposta enviada
2025-02-13T19:19:09.351773+0000 INFO Tempo de processamento
2025-02-13T19:19:39.749919+0000 INFO Requisição recebida
2025-02-13T19:19:39.760987+0000 INFO Resposta enviada
2025-02-13T19:19:39.762890+0000 INFO Tempo de processamento
2025-02-13T19:20:09.862487+0000 INFO Requisição recebida
2025-02-13T19:20:09.870018+0000 INFO Resposta enviada
2025-02-13T19:20:09.871258+0000 INFO Tempo de processamento
2025-02-13T19:20:39.971340+0000 INFO Requisição recebida
2025-02-13T19:20:39.976582+0000 INFO Resposta enviada
2025-02-13T19:20:39.977349+0000 INFO Tempo de processamento
2025-02-13T19:21:10.091339+0000 INFO Requisição recebida
2025-02-13T19:21:10.095756+0000 INFO Resposta enviada
2025-02-13T19:21:10.096565+0000 INFO Tempo de processamento
2025-02-13T19:21:40.177678+0000 INFO Requisição recebida
2025-02-13T19:21:40.189099+0000 INFO Resposta enviada
2025-02-13T19:21:40.190196+0000 INFO Tempo de processamento
2025-02-13T19:22:10.277196+0000 INFO Requisição recebida
2025-02-13T19:22:10.283099+0000 INFO Resposta enviada
2025-02-13T19:22:10.284022+0000 INFO Tempo de processamento
2025-02-13T19:22:40.380998+0000 INFO Requisição recebida
2025-02-13T19:22:40.388035+0000 INFO Resposta enviada
2025-02-13T19:22:40.388972+0000 INFO Tempo de processamento
2025-02-13T19:23:10.489781+0000 INFO Requisição recebida
2025-02-13T19:23:10.497814+0000 INFO Resposta enviada
2025-02-13T19:23:10.498914+0000 INFO Tempo de processamento
2025-02-13T19:23:40.577683+0000 INFO Requisição recebida
2025-02-13T19:23:40.596822+0000 INFO Resposta enviada
2025-02-13T19:23:40.598001+0000 INFO Tempo de processamento
2025-02-13T19:24:10.671625+0000 INFO Requisição recebida
2025-02-13T19:24:10.683901+0000 INFO Resposta enviada
2025-02-13T19:24:10.684798+0000 INFO Tempo de processamento
2025-02-13T19:24:40.766956+0000 INFO Requisição recebida
2025-02-13T19:24:40.783688+0000 INFO Resposta enviada
2025-02-13T19:24:40.784711+0000 INFO Tempo de processamento
2025-02-13T19:25:10.726290+0000 INFO Requisição recebida
2025-02-13T19:25:10.734971+0000 INFO Resposta enviada
2025-02-13T19:25:10.735955+0000 INFO Tempo de processamento
2025-02-13T19:25:40.862831+0000 INFO Requisição recebida
2025-02-13T19:25:40.871309+0000 INFO Resposta enviada
2025-02-13T19:25:40.872750+0000 INFO Tempo de processamento
2025-02-13T19:26:10.936310+0000 INFO Requisição recebida
2025-02-13T19:26:10.941554+0000 INFO Resposta enviada
2025-02-13T19:26:10.942337+0000 INFO Tempo de processamento
2025-02-13T19:26:41.029696+0000 INFO Requisição recebida
2025-02-13T19:26:41.035124+0000 INFO Resposta enviada
2025-02-13T19:26:41.035955+0000 INFO Tempo de processamento
2025-02-13T19:27:11.153915+0000 INFO Requisição recebida
2025-02-13T19:27:11.162027+0000 INFO Resposta enviada
2025-02-13T19:27:11.162925+0000 INFO Tempo de processamento
2025-02-13T19:27:41.256528+0000 INFO Requisição recebida
2025-02-13T19:27:41.262580+0000 INFO Resposta enviada
2025-02-13T19:27:41.263402+0000 INFO Tempo de processamento
2025-02-13T19:28:11.353940+0000 INFO Requisição recebida
2025-02-13T19:28:11.360250+0000 INFO Resposta enviada
2025-02-13T19:28:11.361089+0000 INFO Tempo de processamento
2025-02-13T19:28:41.442269+0000 INFO Requisição recebida
2025-02-13T19:28:41.449693+0000 INFO Resposta enviada
2025-02-13T19:28:41.452339+0000 INFO Tempo de processamento
2025-02-13T19:29:11.594946+0000 INFO Requisição recebida
2025-02-13T19:29:11.603317+0000 INFO Resposta enviada
2025-02-13T19:29:11.605301+0000 INFO Tempo de processamento
2025-02-13T19:29:41.704241+0000 INFO Requisição recebida
2025-02-13T19:29:41.712337+0000 INFO Resposta enviada
2025-02-13T19:29:41.713434+0000 INFO Tempo de processamento
2025-02-13T19:30:11.813987+0000 INFO Requisição recebida
2025-02-13T19:30:11.821642+0000 INFO Resposta enviada
2025-02-13T19:30:11.822707+0000 INFO Tempo de processamento
2025-02-13T19:30:41.898089+0000 INFO Requisição recebida
2025-02-13T19:30:41.903159+0000 INFO Resposta enviada
2025-02-13T19:30:41.904008+0000 INFO Tempo de processamento
2025-02-13T19:31:11.980354+0000 INFO Requisição recebida
2025-02-13T19:31:11.989165+0000 INFO Resposta enviada
2025-02-13T19:31:11.990685+0000 INFO Tempo de processamento
2025-02-13T19:31:42.058230+0000 INFO Requisição recebida
2025-02-13T19:31:42.063042+0000 INFO Resposta enviada
2025-02-13T19:31:42.063794+0000 INFO Tempo de processamento
2025-02-13T19:32:12.152596+0000 INFO Requisição recebida
2025-02-13T19:32:12.159461+0000 INFO Resposta enviada
2025-02-13T19:32:12.160521+0000 INFO Tempo de processamento
2025-02-13T19:32:42.249256+0000 INFO Requisição recebida
2025-02-13T19:32:42.254387+0000 INFO Resposta enviada
2025-02-13T19:32:42.255208+0000 INFO Tempo de processamento
2025-02-13T19:33:12.385993+0000 INFO Requisição recebida
2025-02-13T19:33:12.398839+0000 INFO Resposta enviada
2025-02-13T19:33:12.400031+0000 INFO Tempo de processamento
2025-02-13T19:33:42.572355+0000 INFO Requisição recebida
2025-02-13T19:33:42.584172+0000 INFO Resposta enviada
2025-02-13T19:33:42.585643+0000 INFO Tempo de processamento
2025-02-13T19:34:12.670462+0000 INFO Requisição recebida
2025-02-13T19:34:12.678327+0000 INFO Resposta enviada
2025-02-13T19:34:12.679411+0000 INFO Tempo de processamento
2025-02-13T19:34:42.783455+0000 INFO Requisição recebida
2025-02-13T19:34:42.792354+0000 INFO Resposta enviada
2025-02-13T19:34:42.793350+0000 INFO Tempo de processamento
2025-02-13T19:35:12.888241+0000 INFO Requisição recebida
2025-02-13T19:35:12.898021+0000 INFO Resposta enviada
2025-02-13T19:35:12.898999+0000 INFO Tempo de processamento
2025-02-13T19:35:42.976968+0000 INFO Requisição recebida
2025-02-13T19:35:42.982939+0000 INFO Resposta enviada
2025-02-13T19:35:42.983753+0000 INFO Tempo de processamento
2025-02-13T19:36:13.076264+0000 INFO Requisição recebida
2025-02-13T19:36:13.084361+0000 INFO Resposta enviada
2025-02-13T19:36:13.085453+0000 INFO Tempo de processamento
2025-02-13T19:36:43.174429+0000 INFO Requisição recebida
2025-02-13T19:36:43.181159+0000 INFO Resposta enviada
2025-02-13T19:36:43.183383+0000 INFO Tempo de processamento
2025-02-13T19:37:13.338936+0000 INFO Requisição recebida
2025-02-13T19:37:13.365982+0000 INFO Resposta enviada
2025-02-13T19:37:13.368649+0000 INFO Tempo de processamento
2025-02-13T19:37:43.465641+0000 INFO Requisição recebida
2025-02-13T19:37:43.472308+0000 INFO Resposta enviada
2025-02-13T19:37:43.473509+0000 INFO Tempo de processamento
2025-02-13T19:38:13.534610+0000 INFO Requisição recebida
2025-02-13T19:38:13.541207+0000 INFO Resposta enviada
2025-02-13T19:38:13.542061+0000 INFO Tempo de processamento
2025-02-13T19:38:43.628595+0000 INFO Requisição recebida
2025-02-13T19:38:43.639597+0000 INFO Resposta enviada
2025-02-13T19:38:43.640514+0000 INFO Tempo de processamento
2025-02-13T19:39:13.706712+0000 INFO Requisição recebida
2025-02-13T19:39:13.712348+0000 INFO Resposta enviada
2025-02-13T19:39:13.715716+0000 INFO Tempo de processamento
2025-02-13T19:39:43.802243+0000 INFO Requisição recebida
2025-02-13T19:39:43.808992+0000 INFO Resposta enviada
2025-02-13T19:39:43.810023+0000 INFO Tempo de processamento
2025-02-13T19:40:13.895358+0000 INFO Requisição recebida
2025-02-13T19:40:13.903420+0000 INFO Resposta enviada
2025-02-13T19:40:13.904439+0000 INFO Tempo de processamento
2025-02-13T19:40:44.008926+0000 INFO Requisição recebida
2025-02-13T19:40:44.016172+0000 INFO Resposta enviada
2025-02-13T19:40:44.017209+0000 INFO Tempo de processamento
2025-02-13T19:41:14.106247+0000 INFO Requisição recebida
2025-02-13T19:41:14.112625+0000 INFO Resposta enviada
2025-02-13T19:41:14.113546+0000 INFO Tempo de processamento
2025-02-13T19:41:44.198825+0000 INFO Requisição recebida
2025-02-13T19:41:44.211490+0000 INFO Resposta enviada
2025-02-13T19:41:44.213034+0000 INFO Tempo de processamento
2025-02-13T19:42:14.298388+0000 INFO Requisição recebida
2025-02-13T19:42:14.304767+0000 INFO Resposta enviada
2025-02-13T19:42:14.305622+0000 INFO Tempo de processamento
2025-02-13T19:42:44.386561+0000 INFO Requisição recebida
2025-02-13T19:42:44.394715+0000 INFO Resposta enviada
2025-02-13T19:42:44.395775+0000 INFO Tempo de processamento
2025-02-13T19:43:14.480706+0000 INFO Requisição recebida
2025-02-13T19:43:14.490773+0000 INFO Resposta enviada
2025-02-13T19:43:14.491879+0000 INFO Tempo de processamento
2025-02-13T19:43:44.596531+0000 INFO Requisição recebida
2025-02-13T19:43:44.602033+0000 INFO Resposta enviada
2025-02-13T19:43:44.602908+0000 INFO Tempo de processamento
2025-02-13T19:44:14.696938+0000 INFO Requisição recebida
2025-02-13T19:44:14.710134+0000 INFO Resposta enviada
2025-02-13T19:44:14.711800+0000 INFO Tempo de processamento
2025-02-13T19:44:44.798078+0000 INFO Requisição recebida
2025-02-13T19:44:44.803779+0000 INFO Resposta enviada
2025-02-13T19:44:44.804775+0000 INFO Tempo de processamento
2025-02-13T19:45:14.856691+0000 INFO Requisição recebida
2025-02-13T19:45:14.862446+0000 INFO Resposta enviada
2025-02-13T19:45:14.863253+0000 INFO Tempo de processamento
2025-02-13T19:45:44.977871+0000 INFO Requisição recebida
2025-02-13T19:45:44.987872+0000 INFO Resposta enviada
2025-02-13T19:45:44.990358+0000 INFO Tempo de processamento
2025-02-13T19:46:15.080069+0000 INFO Requisição recebida
2025-02-13T19:46:15.084892+0000 INFO Resposta enviada
2025-02-13T19:46:15.085677+0000 INFO Tempo de processamento
2025-02-13T19:46:45.151885+0000 INFO Requisição recebida
2025-02-13T19:46:45.157366+0000 INFO Resposta enviada
2025-02-13T19:46:45.158238+0000 INFO Tempo de processamento
2025-02-13T19:47:15.245857+0000 INFO Requisição recebida
2025-02-13T19:47:15.254638+0000 INFO Resposta enviada
2025-02-13T19:47:15.255538+0000 INFO Tempo de processamento
2025-02-13T19:47:45.313522+0000 INFO Requisição recebida
2025-02-13T19:47:45.317433+0000 INFO Resposta enviada
2025-02-13T19:47:45.318153+0000 INFO Tempo de processamento
2025-02-13T19:48:15.410451+0000 INFO Requisição recebida
2025-02-13T19:48:15.416609+0000 INFO Resposta enviada
2025-02-13T19:48:15.417567+0000 INFO Tempo de processamento
2025-02-13T19:48:45.536295+0000 INFO Requisição recebida
2025-02-13T19:48:45.543649+0000 INFO Resposta enviada
2025-02-13T19:48:45.544814+0000 INFO Tempo de processamento
2025-02-13T19:49:15.647804+0000 INFO Requisição recebida
2025-02-13T19:49:15.659861+0000 INFO Resposta enviada
2025-02-13T19:49:15.660805+0000 INFO Tempo de processamento
2025-02-13T19:49:45.779901+0000 INFO Requisição recebida
2025-02-13T19:49:45.786464+0000 INFO Resposta enviada
2025-02-13T19:49:45.787581+0000 INFO Tempo de processamento
2025-02-13T19:50:15.865439+0000 INFO Requisição recebida
2025-02-13T19:50:15.877645+0000 INFO Resposta enviada
2025-02-13T19:50:15.878666+0000 INFO Tempo de processamento
2025-02-13T19:50:45.976301+0000 INFO Requisição recebida
2025-02-13T19:50:45.986876+0000 INFO Resposta enviada
2025-02-13T19:50:45.988028+0000 INFO Tempo de processamento
2025-02-13T19:51:16.062705+0000 INFO Requisição recebida
2025-02-13T19:51:16.068596+0000 INFO Resposta enviada
2025-02-13T19:51:16.069342+0000 INFO Tempo de processamento
2025-02-13T19:51:46.227482+0000 INFO Requisição recebida
2025-02-13T19:51:46.232406+0000 INFO Resposta enviada
2025-02-13T19:51:46.233229+0000 INFO Tempo de processamento
2025-02-13T19:52:16.306278+0000 INFO Requisição recebida
2025-02-13T19:52:16.311993+0000 INFO Resposta enviada
2025-02-13T19:52:16.312937+0000 INFO Tempo de processamento
2025-02-13T19:52:46.395515+0000 INFO Requisição recebida
2025-02-13T19:52:46.402485+0000 INFO Resposta enviada
2025-02-13T19:52:46.403409+0000 INFO Tempo de processamento
2025-02-13T19:53:16.486157+0000 INFO Requisição recebida
2025-02-13T19:53:16.492297+0000 INFO Resposta enviada
2025-02-13T19:53:16.493194+0000 INFO Tempo de processamento
2025-02-13T19:53:46.586223+0000 INFO Requisição recebida
2025-02-13T19:53:46.596280+0000 INFO Resposta enviada
2025-02-13T19:53:46.598197+0000 INFO Tempo de processamento
2025-02-13T19:54:16.677894+0000 INFO Requisição recebida
2025-02-13T19:54:16.686976+0000 INFO Resposta enviada
2025-02-13T19:54:16.687936+0000 INFO Tempo de processamento
2025-02-13T19:54:46.780841+0000 INFO Requisição recebida
2025-02-13T19:54:46.790148+0000 INFO Resposta enviada
2025-02-13T19:54:46.791222+0000 INFO Tempo de processamento
2025-02-13T19:55:17.025929+0000 INFO Requisição recebida
2025-02-13T19:55:17.042163+0000 INFO Resposta enviada
2025-02-13T19:55:17.043201+0000 INFO Tempo de processamento
2025-02-13T19:55:47.108864+0000 INFO Requisição recebida
2025-02-13T19:55:47.113043+0000 INFO Resposta enviada
2025-02-13T19:55:47.113738+0000 INFO Tempo de processamento
2025-02-13T19:56:17.202811+0000 INFO Requisição recebida
2025-02-13T19:56:17.209718+0000 INFO Resposta enviada
2025-02-13T19:56:17.210891+0000 INFO Tempo de processamento
2025-02-13T19:56:47.323519+0000 INFO Requisição recebida
2025-02-13T19:56:47.332141+0000 INFO Resposta enviada
2025-02-13T19:56:47.333084+0000 INFO Tempo de processamento
2025-02-13T19:57:17.420253+0000 INFO Requisição recebida
2025-02-13T19:57:17.426336+0000 INFO Resposta enviada
2025-02-13T19:57:17.427260+0000 INFO Tempo de processamento
2025-02-13T19:57:47.515671+0000 INFO Requisição recebida
2025-02-13T19:57:47.522533+0000 INFO Resposta enviada
2025-02-13T19:57:47.523467+0000 INFO Tempo de processamento
2025-02-13T19:58:17.604286+0000 INFO Requisição recebida
2025-02-13T19:58:17.610821+0000 INFO Resposta enviada
2025-02-13T19:58:17.612201+0000 INFO Tempo de processamento
2025-02-13T19:58:47.692968+0000 INFO Requisição recebida
2025-02-13T19:58:47.699515+0000 INFO Resposta enviada
2025-02-13T19:58:47.700420+0000 INFO Tempo de processamento
2025-02-13T19:59:17.805382+0000 INFO Requisição recebida
2025-02-13T19:59:17.812342+0000 INFO Resposta enviada
2025-02-13T19:59:17.813338+0000 INFO Tempo de processamento
2025-02-13T19:59:47.911962+0000 INFO Requisição recebida
2025-02-13T19:59:47.919091+0000 INFO Resposta enviada
2025-02-13T19:59:47.919892+0000 INFO Tempo de processamento
2025-02-13T20:00:18.011570+0000 INFO Requisição recebida
2025-02-13T20:00:18.017192+0000 INFO Resposta enviada
2025-02-13T20:00:18.018061+0000 INFO Tempo de processamento
2025-02-13T20:00:48.096527+0000 INFO Requisição recebida
2025-02-13T20:00:48.102083+0000 INFO Resposta enviada
2025-02-13T20:00:48.103185+0000 INFO Tempo de processamento
2025-02-13T20:01:18.204061+0000 INFO Requisição recebida
2025-02-13T20:01:18.211462+0000 INFO Resposta enviada
2025-02-13T20:01:18.212462+0000 INFO Tempo de processamento
2025-02-13T20:01:48.276784+0000 INFO Requisição recebida
2025-02-13T20:01:48.291167+0000 INFO Resposta enviada
2025-02-13T20:01:48.296363+0000 INFO Tempo de processamento
2025-02-13T20:02:18.389452+0000 INFO Requisição recebida
2025-02-13T20:02:18.394610+0000 INFO Resposta enviada
2025-02-13T20:02:18.395548+0000 INFO Tempo de processamento
2025-02-13T20:02:48.485294+0000 INFO Requisição recebida
2025-02-13T20:02:48.493507+0000 INFO Resposta enviada
2025-02-13T20:02:48.494528+0000 INFO Tempo de processamento
2025-02-13T20:03:18.591844+0000 INFO Requisição recebida
2025-02-13T20:03:18.599581+0000 INFO Resposta enviada
2025-02-13T20:03:18.601492+0000 INFO Tempo de processamento
2025-02-13T20:03:48.685145+0000 INFO Requisição recebida
2025-02-13T20:03:48.691839+0000 INFO Resposta enviada
2025-02-13T20:03:48.692886+0000 INFO Tempo de processamento
2025-02-13T20:04:18.736412+0000 INFO Requisição recebida
2025-02-13T20:04:18.742556+0000 INFO Resposta enviada
2025-02-13T20:04:18.743668+0000 INFO Tempo de processamento
2025-02-13T20:04:48.810835+0000 INFO Requisição recebida
2025-02-13T20:04:48.816561+0000 INFO Resposta enviada
2025-02-13T20:04:48.817464+0000 INFO Tempo de processamento
2025-02-13T20:05:18.929338+0000 INFO Requisição recebida
2025-02-13T20:05:18.935420+0000 INFO Resposta enviada
2025-02-13T20:05:18.936240+0000 INFO Tempo de processamento
2025-02-13T20:05:49.085213+0000 INFO Requisição recebida
2025-02-13T20:05:49.093770+0000 INFO Resposta enviada
2025-02-13T20:05:49.095386+0000 INFO Tempo de processamento
2025-02-13T20:06:19.201836+0000 INFO Requisição recebida
2025-02-13T20:06:19.208557+0000 INFO Resposta enviada
2025-02-13T20:06:19.209537+0000 INFO Tempo de processamento
2025-02-13T20:06:49.307536+0000 INFO Requisição recebida
2025-02-13T20:06:49.319331+0000 INFO Resposta enviada
2025-02-13T20:06:49.320451+0000 INFO Tempo de processamento
2025-02-13T20:07:19.411563+0000 INFO Requisição recebida
2025-02-13T20:07:19.416941+0000 INFO Resposta enviada
2025-02-13T20:07:19.417821+0000 INFO Tempo de processamento
2025-02-13T20:07:49.540296+0000 INFO Requisição recebida
2025-02-13T20:07:49.574185+0000 INFO Resposta enviada
2025-02-13T20:07:49.579559+0000 INFO Tempo de processamento
2025-02-13T20:08:19.678643+0000 INFO Requisição recebida
2025-02-13T20:08:19.684704+0000 INFO Resposta enviada
2025-02-13T20:08:19.685741+0000 INFO Tempo de processamento
2025-02-13T20:08:49.783234+0000 INFO Requisição recebida
2025-02-13T20:08:49.789382+0000 INFO Resposta enviada
2025-02-13T20:08:49.790216+0000 INFO Tempo de processamento
2025-02-13T20:09:19.901767+0000 INFO Requisição recebida
2025-02-13T20:09:19.908893+0000 INFO Resposta enviada
2025-02-13T20:09:19.909911+0000 INFO Tempo de processamento
2025-02-13T20:09:50.017477+0000 INFO Requisição recebida
2025-02-13T20:09:50.030344+0000 INFO Resposta enviada
2025-02-13T20:09:50.031310+0000 INFO Tempo de processamento
2025-02-13T20:10:20.122868+0000 INFO Requisição recebida
2025-02-13T20:10:20.131118+0000 INFO Resposta enviada
2025-02-13T20:10:20.132206+0000 INFO Tempo de processamento
2025-02-13T20:10:50.204158+0000 INFO Requisição recebida
2025-02-13T20:10:50.212734+0000 INFO Resposta enviada
2025-02-13T20:10:50.213601+0000 INFO Tempo de processamento
2025-02-13T20:11:20.269559+0000 INFO Requisição recebida
2025-02-13T20:11:20.275796+0000 INFO Resposta enviada
2025-02-13T20:11:20.276676+0000 INFO Tempo de processamento
2025-02-13T20:11:50.329636+0000 INFO Requisição recebida
2025-02-13T20:11:50.335279+0000 INFO Resposta enviada
2025-02-13T20:11:50.336199+0000 INFO Tempo de processamento
2025-02-13T20:12:20.382819+0000 INFO Requisição recebida
2025-02-13T20:12:20.388394+0000 INFO Resposta enviada
2025-02-13T20:12:20.389186+0000 INFO Tempo de processamento
2025-02-13T20:12:50.468983+0000 INFO Requisição recebida
2025-02-13T20:12:50.476047+0000 INFO Resposta enviada
2025-02-13T20:12:50.476922+0000 INFO Tempo de processamento
2025-02-13T20:13:20.560699+0000 INFO Requisição recebida
2025-02-13T20:13:20.566805+0000 INFO Resposta enviada
2025-02-13T20:13:20.567731+0000 INFO Tempo de processamento
2025-02-13T20:13:50.664014+0000 INFO Requisição recebida
2025-02-13T20:13:50.670037+0000 INFO Resposta enviada
2025-02-13T20:13:50.670899+0000 INFO Tempo de processamento
2025-02-13T20:14:20.762911+0000 INFO Requisição recebida
2025-02-13T20:14:20.771502+0000 INFO Resposta enviada
2025-02-13T20:14:20.772523+0000 INFO Tempo de processamento
2025-02-13T20:14:50.861009+0000 INFO Requisição recebida
2025-02-13T20:14:50.887874+0000 INFO Resposta enviada
2025-02-13T20:14:50.889423+0000 INFO Tempo de processamento
2025-02-13T20:15:21.015516+0000 INFO Requisição recebida
2025-02-13T20:15:21.025633+0000 INFO Resposta enviada
2025-02-13T20:15:21.026858+0000 INFO Tempo de processamento
2025-02-13T20:15:51.136438+0000 INFO Requisição recebida
2025-02-13T20:15:51.141843+0000 INFO Resposta enviada
2025-02-13T20:15:51.142782+0000 INFO Tempo de processamento
2025-02-13T20:16:21.246642+0000 INFO Requisição recebida
2025-02-13T20:16:21.254230+0000 INFO Resposta enviada
2025-02-13T20:16:21.255410+0000 INFO Tempo de processamento
2025-02-13T20:16:51.358350+0000 INFO Requisição recebida
2025-02-13T20:16:51.372322+0000 INFO Resposta enviada
2025-02-13T20:16:51.375166+0000 INFO Tempo de processamento
2025-02-13T20:17:21.460930+0000 INFO Requisição recebida
2025-02-13T20:17:21.469331+0000 INFO Resposta enviada
2025-02-13T20:17:21.470708+0000 INFO Tempo de processamento
2025-02-13T20:17:51.538705+0000 INFO Requisição recebida
2025-02-13T20:17:51.543476+0000 INFO Resposta enviada
2025-02-13T20:17:51.544374+0000 INFO Tempo de processamento
2025-02-13T20:18:21.635320+0000 INFO Requisição recebida
2025-02-13T20:18:21.645527+0000 INFO Resposta enviada
2025-02-13T20:18:21.646485+0000 INFO Tempo de processamento
2025-02-13T20:18:51.731073+0000 INFO Requisição recebida
2025-02-13T20:18:51.739179+0000 INFO Resposta enviada
2025-02-13T20:18:51.741285+0000 INFO Tempo de processamento
2025-02-13T20:19:21.829470+0000 INFO Requisição recebida
2025-02-13T20:19:21.840090+0000 INFO Resposta enviada
2025-02-13T20:19:21.841187+0000 INFO Tempo de processamento
2025-02-13T20:19:51.921120+0000 INFO Requisição recebida
2025-02-13T20:19:51.926950+0000 INFO Resposta enviada
2025-02-13T20:19:51.928208+0000 INFO Tempo de processamento
2025-02-13T20:20:22.012031+0000 INFO Requisição recebida
2025-02-13T20:20:22.016657+0000 INFO Resposta enviada
2025-02-13T20:20:22.017366+0000 INFO Tempo de processamento
2025-02-13T20:20:52.133498+0000 INFO Requisição recebida
2025-02-13T20:20:52.141924+0000 INFO Resposta enviada
2025-02-13T20:20:52.145321+0000 INFO Tempo de processamento
2025-02-13T20:21:22.301144+0000 INFO Requisição recebida
2025-02-13T20:21:22.309041+0000 INFO Resposta enviada
2025-02-13T20:21:22.310062+0000 INFO Tempo de processamento
2025-02-13T20:21:52.408597+0000 INFO Requisição recebida
2025-02-13T20:21:52.417304+0000 INFO Resposta enviada
2025-02-13T20:21:52.418890+0000 INFO Tempo de processamento
2025-02-13T20:22:22.513191+0000 INFO Requisição recebida
2025-02-13T20:22:22.518733+0000 INFO Resposta enviada
2025-02-13T20:22:22.519734+0000 INFO Tempo de processamento
2025-02-13T20:22:52.611648+0000 INFO Requisição recebida
2025-02-13T20:22:52.618453+0000 INFO Resposta enviada
2025-02-13T20:22:52.619484+0000 INFO Tempo de processamento
2025-02-13T20:23:22.702582+0000 INFO Requisição recebida
2025-02-13T20:23:22.708481+0000 INFO Resposta enviada
2025-02-13T20:23:22.709373+0000 INFO Tempo de processamento
2025-02-13T20:23:52.797466+0000 INFO Requisição recebida
2025-02-13T20:23:52.804923+0000 INFO Resposta enviada
2025-02-13T20:23:52.806025+0000 INFO Tempo de processamento
2025-02-13T20:24:22.899376+0000 INFO Requisição recebida
2025-02-13T20:24:22.905422+0000 INFO Resposta enviada
2025-02-13T20:24:22.906479+0000 INFO Tempo de processamento
2025-02-13T20:24:52.987414+0000 INFO Requisição recebida
2025-02-13T20:24:52.992778+0000 INFO Resposta enviada
2025-02-13T20:24:52.993721+0000 INFO Tempo de processamento
2025-02-13T20:25:23.074125+0000 INFO Requisição recebida
2025-02-13T20:25:23.079961+0000 INFO Resposta enviada
2025-02-13T20:25:23.080901+0000 INFO Tempo de processamento
2025-02-13T20:25:53.176884+0000 INFO Requisição recebida
2025-02-13T20:25:53.184454+0000 INFO Resposta enviada
2025-02-13T20:25:53.185387+0000 INFO Tempo de processamento
2025-02-13T20:26:23.259724+0000 INFO Requisição recebida
2025-02-13T20:26:23.265200+0000 INFO Resposta enviada
2025-02-13T20:26:23.267957+0000 INFO Tempo de processamento
2025-02-13T20:26:53.366390+0000 INFO Requisição recebida
2025-02-13T20:26:53.373154+0000 INFO Resposta enviada
2025-02-13T20:26:53.374347+0000 INFO Tempo de processamento
2025-02-13T20:27:23.478963+0000 INFO Requisição recebida
2025-02-13T20:27:23.484748+0000 INFO Resposta enviada
2025-02-13T20:27:23.485648+0000 INFO Tempo de processamento
2025-02-13T20:27:53.568621+0000 INFO Requisição recebida
2025-02-13T20:27:53.577046+0000 INFO Resposta enviada
2025-02-13T20:27:53.578259+0000 INFO Tempo de processamento
2025-02-13T20:28:23.662694+0000 INFO Requisição recebida
2025-02-13T20:28:23.681811+0000 INFO Resposta enviada
2025-02-13T20:28:23.683623+0000 INFO Tempo de processamento
2025-02-13T20:28:53.787399+0000 INFO Requisição recebida
2025-02-13T20:28:53.797480+0000 INFO Resposta enviada
2025-02-13T20:28:53.798410+0000 INFO Tempo de processamento
2025-02-13T20:29:23.862996+0000 INFO Requisição recebida
2025-02-13T20:29:23.868191+0000 INFO Resposta enviada
2025-02-13T20:29:23.869111+0000 INFO Tempo de processamento
2025-02-13T20:29:53.952388+0000 INFO Requisição recebida
2025-02-13T20:29:53.961166+0000 INFO Resposta enviada
2025-02-13T20:29:53.962135+0000 INFO Tempo de processamento
2025-02-13T20:30:24.068431+0000 INFO Requisição recebida
2025-02-13T20:30:24.073628+0000 INFO Resposta enviada
2025-02-13T20:30:24.074481+0000 INFO Tempo de processamento
2025-02-13T20:30:54.160080+0000 INFO Requisição recebida
2025-02-13T20:30:54.167318+0000 INFO Resposta enviada
2025-02-13T20:30:54.168412+0000 INFO Tempo de processamento
2025-02-13T20:31:24.280753+0000 INFO Requisição recebida
2025-02-13T20:31:24.290278+0000 INFO Resposta enviada
2025-02-13T20:31:24.291314+0000 INFO Tempo de processamento
2025-02-13T20:31:54.382539+0000 INFO Requisição recebida
2025-02-13T20:31:54.389004+0000 INFO Resposta enviada
2025-02-13T20:31:54.390006+0000 INFO Tempo de processamento
2025-02-13T20:32:24.469357+0000 INFO Requisição recebida
2025-02-13T20:32:24.475980+0000 INFO Resposta enviada
2025-02-13T20:32:24.476917+0000 INFO Tempo de processamento
2025-02-13T20:32:54.575415+0000 INFO Requisição recebida
2025-02-13T20:32:54.598239+0000 INFO Resposta enviada
2025-02-13T20:32:54.599600+0000 INFO Tempo de processamento
2025-02-13T20:33:24.706740+0000 INFO Requisição recebida
2025-02-13T20:33:24.713214+0000 INFO Resposta enviada
2025-02-13T20:33:24.714638+0000 INFO Tempo de processamento
2025-02-13T20:33:54.819894+0000 INFO Requisição recebida
2025-02-13T20:33:54.825164+0000 INFO Resposta enviada
2025-02-13T20:33:54.826027+0000 INFO Tempo de processamento
2025-02-13T20:34:24.938351+0000 INFO Requisição recebida
2025-02-13T20:34:24.950269+0000 INFO Resposta enviada
2025-02-13T20:34:24.952233+0000 INFO Tempo de processamento
2025-02-13T20:34:55.062367+0000 INFO Requisição recebida
2025-02-13T20:34:55.069015+0000 INFO Resposta enviada
2025-02-13T20:34:55.069969+0000 INFO Tempo de processamento
2025-02-13T20:35:25.170144+0000 INFO Requisição recebida
2025-02-13T20:35:25.178303+0000 INFO Resposta enviada
2025-02-13T20:35:25.179268+0000 INFO Tempo de processamento
2025-02-13T20:35:55.280294+0000 INFO Requisição recebida
2025-02-13T20:35:55.286591+0000 INFO Resposta enviada
2025-02-13T20:35:55.287591+0000 INFO Tempo de processamento
2025-02-13T20:36:25.424497+0000 INFO Requisição recebida
2025-02-13T20:36:25.432083+0000 INFO Resposta enviada
2025-02-13T20:36:25.432947+0000 INFO Tempo de processamento
2025-02-13T20:36:55.531941+0000 INFO Requisição recebida
2025-02-13T20:36:55.537992+0000 INFO Resposta enviada
2025-02-13T20:36:55.538988+0000 INFO Tempo de processamento
2025-02-13T20:37:25.652968+0000 INFO Requisição recebida
2025-02-13T20:37:25.660283+0000 INFO Resposta enviada
2025-02-13T20:37:25.661264+0000 INFO Tempo de processamento
2025-02-13T20:37:55.751056+0000 INFO Requisição recebida
2025-02-13T20:37:55.757752+0000 INFO Resposta enviada
2025-02-13T20:37:55.758604+0000 INFO Tempo de processamento
2025-02-13T20:38:25.849173+0000 INFO Requisição recebida
2025-02-13T20:38:25.856189+0000 INFO Resposta enviada
2025-02-13T20:38:25.857088+0000 INFO Tempo de processamento
2025-02-13T20:38:55.940447+0000 INFO Requisição recebida
2025-02-13T20:38:55.947234+0000 INFO Resposta enviada
2025-02-13T20:38:55.948214+0000 INFO Tempo de processamento
2025-02-13T20:39:26.070906+0000 INFO Requisição recebida
2025-02-13T20:39:26.078049+0000 INFO Resposta enviada
2025-02-13T20:39:26.079576+0000 INFO Tempo de processamento
2025-02-13T20:39:56.167395+0000 INFO Requisição recebida
2025-02-13T20:39:56.175898+0000 INFO Resposta enviada
2025-02-13T20:39:56.188692+0000 INFO Tempo de processamento
2025-02-13T20:40:26.269794+0000 INFO Requisição recebida
2025-02-13T20:40:26.276265+0000 INFO Resposta enviada
2025-02-13T20:40:26.278021+0000 INFO Tempo de processamento
2025-02-13T20:40:56.460314+0000 INFO Requisição recebida
2025-02-13T20:40:56.467372+0000 INFO Resposta enviada
2025-02-13T20:40:56.468530+0000 INFO Tempo de processamento
2025-02-13T20:41:26.564265+0000 INFO Requisição recebida
2025-02-13T20:41:26.578971+0000 INFO Resposta enviada
2025-02-13T20:41:26.579952+0000 INFO Tempo de processamento
2025-02-13T20:41:56.713906+0000 INFO Requisição recebida
2025-02-13T20:41:56.721704+0000 INFO Resposta enviada
2025-02-13T20:41:56.722735+0000 INFO Tempo de processamento
2025-02-13T20:42:26.830851+0000 INFO Requisição recebida
2025-02-13T20:42:26.837937+0000 INFO Resposta enviada
2025-02-13T20:42:26.839111+0000 INFO Tempo de processamento
2025-02-13T20:42:56.943235+0000 INFO Requisição recebida
2025-02-13T20:42:56.949854+0000 INFO Resposta enviada
2025-02-13T20:42:56.950694+0000 INFO Tempo de processamento
2025-02-13T20:43:27.058013+0000 INFO Requisição recebida
2025-02-13T20:43:27.075158+0000 INFO Resposta enviada
2025-02-13T20:43:27.076178+0000 INFO Tempo de processamento
2025-02-13T20:43:57.175515+0000 INFO Requisição recebida
2025-02-13T20:43:57.188769+0000 INFO Resposta enviada
2025-02-13T20:43:57.189997+0000 INFO Tempo de processamento
2025-02-13T20:44:27.310484+0000 INFO Requisição recebida
2025-02-13T20:44:27.335154+0000 INFO Resposta enviada
2025-02-13T20:44:27.341379+0000 INFO Tempo de processamento
2025-02-13T20:44:57.428168+0000 INFO Requisição recebida
2025-02-13T20:44:57.432944+0000 INFO Resposta enviada
2025-02-13T20:44:57.433715+0000 INFO Tempo de processamento
2025-02-13T20:45:27.526383+0000 INFO Requisição recebida
2025-02-13T20:45:27.532502+0000 INFO Resposta enviada
2025-02-13T20:45:27.533454+0000 INFO Tempo de processamento
2025-02-13T20:45:57.631347+0000 INFO Requisição recebida
2025-02-13T20:45:57.641968+0000 INFO Resposta enviada
2025-02-13T20:45:57.642915+0000 INFO Tempo de processamento
2025-02-13T20:46:27.737894+0000 INFO Requisição recebida
2025-02-13T20:46:27.752471+0000 INFO Resposta enviada
2025-02-13T20:46:27.753610+0000 INFO Tempo de processamento
2025-02-13T20:46:57.855422+0000 INFO Requisição recebida
2025-02-13T20:46:57.860767+0000 INFO Resposta enviada
2025-02-13T20:46:57.861568+0000 INFO Tempo de processamento
2025-02-13T20:47:27.920099+0000 INFO Requisição recebida
2025-02-13T20:47:27.925331+0000 INFO Resposta enviada
2025-02-13T20:47:27.926184+0000 INFO Tempo de processamento
2025-02-13T20:47:58.032519+0000 INFO Requisição recebida
2025-02-13T20:47:58.040532+0000 INFO Resposta enviada
2025-02-13T20:47:58.043979+0000 INFO Tempo de processamento
2025-02-13T20:48:28.139413+0000 INFO Requisição recebida
2025-02-13T20:48:28.146441+0000 INFO Resposta enviada
2025-02-13T20:48:28.147472+0000 INFO Tempo de processamento
2025-02-13T20:48:58.254574+0000 INFO Requisição recebida
2025-02-13T20:48:58.263350+0000 INFO Resposta enviada
2025-02-13T20:48:58.264516+0000 INFO Tempo de processamento
2025-02-13T20:49:28.364703+0000 INFO Requisição recebida
2025-02-13T20:49:28.373857+0000 INFO Resposta enviada
2025-02-13T20:49:28.374804+0000 INFO Tempo de processamento
2025-02-13T20:49:58.445915+0000 INFO Requisição recebida
2025-02-13T20:49:58.452314+0000 INFO Resposta enviada
2025-02-13T20:49:58.453403+0000 INFO Tempo de processamento
2025-02-13T20:50:28.527275+0000 INFO Requisição recebida
2025-02-13T20:50:28.532917+0000 INFO Resposta enviada
2025-02-13T20:50:28.533832+0000 INFO Tempo de processamento
2025-02-13T20:50:58.630108+0000 INFO Requisição recebida
2025-02-13T20:50:58.636887+0000 INFO Resposta enviada
2025-02-13T20:50:58.637693+0000 INFO Tempo de processamento
2025-02-13T20:51:28.731914+0000 INFO Requisição recebida
2025-02-13T20:51:28.739095+0000 INFO Resposta enviada
2025-02-13T20:51:28.740206+0000 INFO Tempo de processamento
2025-02-13T20:51:58.837796+0000 INFO Requisição recebida
2025-02-13T20:51:58.852278+0000 INFO Resposta enviada
2025-02-13T20:51:58.853295+0000 INFO Tempo de processamento
2025-02-13T20:52:28.943496+0000 INFO Requisição recebida
2025-02-13T20:52:28.948500+0000 INFO Resposta enviada
2025-02-13T20:52:28.949306+0000 INFO Tempo de processamento
2025-02-13T20:52:59.042647+0000 INFO Requisição recebida
2025-02-13T20:52:59.057470+0000 INFO Resposta enviada
2025-02-13T20:52:59.058447+0000 INFO Tempo de processamento
2025-02-13T20:53:29.154947+0000 INFO Requisição recebida
2025-02-13T20:53:29.162997+0000 INFO Resposta enviada
2025-02-13T20:53:29.165441+0000 INFO Tempo de processamento
2025-02-13T20:53:59.255934+0000 INFO Requisição recebida
2025-02-13T20:53:59.263680+0000 INFO Resposta enviada
2025-02-13T20:53:59.264761+0000 INFO Tempo de processamento
2025-02-13T20:54:29.359395+0000 INFO Requisição recebida
2025-02-13T20:54:29.367233+0000 INFO Resposta enviada
2025-02-13T20:54:29.368080+0000 INFO Tempo de processamento
2025-02-13T20:54:59.436546+0000 INFO Requisição recebida
2025-02-13T20:54:59.439740+0000 INFO Resposta enviada
2025-02-13T20:54:59.440523+0000 INFO Tempo de processamento
2025-02-13T20:55:29.520074+0000 INFO Requisição recebida
2025-02-13T20:55:29.529418+0000 INFO Resposta enviada
2025-02-13T20:55:29.530469+0000 INFO Tempo de processamento
2025-02-13T20:55:59.617427+0000 INFO Requisição recebida
2025-02-13T20:55:59.622187+0000 INFO Resposta enviada
2025-02-13T20:55:59.623026+0000 INFO Tempo de processamento
2025-02-13T20:56:29.680541+0000 INFO Requisição recebida
2025-02-13T20:56:29.685855+0000 INFO Resposta enviada
2025-02-13T20:56:29.686643+0000 INFO Tempo de processamento
2025-02-13T20:56:59.785799+0000 INFO Requisição recebida
2025-02-13T20:56:59.790598+0000 INFO Resposta enviada
2025-02-13T20:56:59.792918+0000 INFO Tempo de processamento
2025-02-13T20:57:29.891769+0000 INFO Requisição recebida
2025-02-13T20:57:29.899238+0000 INFO Resposta enviada
2025-02-13T20:57:29.900168+0000 INFO Tempo de processamento
2025-02-13T20:58:00.002903+0000 INFO Requisição recebida
2025-02-13T20:58:00.008374+0000 INFO Resposta enviada
2025-02-13T20:58:00.009354+0000 INFO Tempo de processamento
2025-02-13T20:58:30.096300+0000 INFO Requisição recebida
2025-02-13T20:58:30.112727+0000 INFO Resposta enviada
2025-02-13T20:58:30.113657+0000 INFO Tempo de processamento
2025-02-13T20:59:00.196989+0000 INFO Requisição recebida
2025-02-13T20:59:00.202675+0000 INFO Resposta enviada
2025-02-13T20:59:00.203695+0000 INFO Tempo de processamento
2025-02-13T20:59:30.290734+0000 INFO Requisição recebida
2025-02-13T20:59:30.297745+0000 INFO Resposta enviada
2025-02-13T20:59:30.298625+0000 INFO Tempo de processamento
2025-02-13T21:00:00.376648+0000 INFO Requisição recebida
2025-02-13T21:00:00.382361+0000 INFO Resposta enviada
2025-02-13T21:00:00.383555+0000 INFO Tempo de processamento
2025-02-13T21:00:30.459931+0000 INFO Requisição recebida
2025-02-13T21:00:30.466587+0000 INFO Resposta enviada
2025-02-13T21:00:30.467614+0000 INFO Tempo de processamento
2025-02-13T21:01:00.511395+0000 INFO Requisição recebida
2025-02-13T21:01:00.523030+0000 INFO Resposta enviada
2025-02-13T21:01:00.523767+0000 INFO Tempo de processamento
2025-02-13T21:01:30.614148+0000 INFO Requisição recebida
2025-02-13T21:01:30.620681+0000 INFO Resposta enviada
2025-02-13T21:01:30.621764+0000 INFO Tempo de processamento
2025-02-13T21:02:00.693830+0000 INFO Requisição recebida
2025-02-13T21:02:00.695496+0000 INFO Resposta enviada
2025-02-13T21:02:00.696139+0000 INFO Tempo de processamento
2025-02-13T21:02:30.769756+0000 INFO Requisição recebida
2025-02-13T21:02:30.776186+0000 INFO Resposta enviada
2025-02-13T21:02:30.777288+0000 INFO Tempo de processamento
2025-02-13T21:03:00.854121+0000 INFO Requisição recebida
2025-02-13T21:03:00.857892+0000 INFO Resposta enviada
2025-02-13T21:03:00.858700+0000 INFO Tempo de processamento
2025-02-13T21:03:30.927848+0000 INFO Requisição recebida
2025-02-13T21:03:30.929262+0000 INFO Resposta enviada
2025-02-13T21:03:30.929907+0000 INFO Tempo de processamento
2025-02-13T21:04:01.013059+0000 INFO Requisição recebida
2025-02-13T21:04:01.021530+0000 INFO Resposta enviada
2025-02-13T21:04:01.022610+0000 INFO Tempo de processamento
2025-02-13T21:04:31.113370+0000 INFO Requisição recebida
2025-02-13T21:04:31.117150+0000 INFO Resposta enviada
2025-02-13T21:04:31.117923+0000 INFO Tempo de processamento
2025-02-13T21:05:01.190429+0000 INFO Requisição recebida
2025-02-13T21:05:01.192033+0000 INFO Resposta enviada
2025-02-13T21:05:01.192615+0000 INFO Tempo de processamento
2025-02-13T21:05:31.271921+0000 INFO Requisição recebida
2025-02-13T21:05:31.278671+0000 INFO Resposta enviada
2025-02-13T21:05:31.279685+0000 INFO Tempo de processamento
2025-02-13T21:06:01.354309+0000 INFO Requisição recebida
2025-02-13T21:06:01.371802+0000 INFO Resposta enviada
2025-02-13T21:06:01.372825+0000 INFO Tempo de processamento
2025-02-13T21:06:31.457159+0000 INFO Requisição recebida
2025-02-13T21:06:31.460850+0000 INFO Resposta enviada
2025-02-13T21:06:31.461743+0000 INFO Tempo de processamento
2025-02-13T21:07:01.527852+0000 INFO Requisição recebida
2025-02-13T21:07:01.547679+0000 INFO Resposta enviada
2025-02-13T21:07:01.549180+0000 INFO Tempo de processamento
2025-02-13T21:07:31.628608+0000 INFO Requisição recebida
2025-02-13T21:07:31.633761+0000 INFO Resposta enviada
2025-02-13T21:07:31.634715+0000 INFO Tempo de processamento
2025-02-13T21:08:01.709846+0000 INFO Requisição recebida
2025-02-13T21:08:01.714141+0000 INFO Resposta enviada
2025-02-13T21:08:01.715020+0000 INFO Tempo de processamento
2025-02-13T21:08:31.777208+0000 INFO Requisição recebida
2025-02-13T21:08:31.783171+0000 INFO Resposta enviada
2025-02-13T21:08:31.784069+0000 INFO Tempo de processamento
2025-02-13T21:09:01.865576+0000 INFO Requisição recebida
2025-02-13T21:09:01.869642+0000 INFO Resposta enviada
2025-02-13T21:09:01.870379+0000 INFO Tempo de processamento
2025-02-13T21:09:31.943377+0000 INFO Requisição recebida
2025-02-13T21:09:31.946841+0000 INFO Resposta enviada
2025-02-13T21:09:31.947655+0000 INFO Tempo de processamento
2025-02-13T21:10:02.030729+0000 INFO Requisição recebida
2025-02-13T21:10:02.041767+0000 INFO Resposta enviada
2025-02-13T21:10:02.044212+0000 INFO Tempo de processamento
2025-02-13T21:10:32.146343+0000 INFO Requisição recebida
2025-02-13T21:10:32.156717+0000 INFO Resposta enviada
2025-02-13T21:10:32.157878+0000 INFO Tempo de processamento
2025-02-13T21:11:02.246089+0000 INFO Requisição recebida
2025-02-13T21:11:02.264199+0000 INFO Resposta enviada
2025-02-13T21:11:02.265262+0000 INFO Tempo de processamento
2025-02-13T21:11:32.349495+0000 INFO Requisição recebida
2025-02-13T21:11:32.363416+0000 INFO Resposta enviada
2025-02-13T21:11:32.365157+0000 INFO Tempo de processamento
2025-02-13T21:12:02.433792+0000 INFO Requisição recebida
2025-02-13T21:12:02.455484+0000 INFO Resposta enviada
2025-02-13T21:12:02.456578+0000 INFO Tempo de processamento
2025-02-13T21:12:32.554191+0000 INFO Requisição recebida
2025-02-13T21:12:32.562557+0000 INFO Resposta enviada
2025-02-13T21:12:32.563554+0000 INFO Tempo de processamento
2025-02-13T21:13:02.656141+0000 INFO Requisição recebida
2025-02-13T21:13:02.662975+0000 INFO Resposta enviada
2025-02-13T21:13:02.664014+0000 INFO Tempo de processamento
2025-02-13T21:13:32.755792+0000 INFO Requisição recebida
2025-02-13T21:13:32.763296+0000 INFO Resposta enviada
2025-02-13T21:13:32.764202+0000 INFO Tempo de processamento
2025-02-13T21:14:02.833395+0000 INFO Requisição recebida
2025-02-13T21:14:02.839311+0000 INFO Resposta enviada
2025-02-13T21:14:02.840623+0000 INFO Tempo de processamento
2025-02-13T21:14:32.901420+0000 INFO Requisição recebida
2025-02-13T21:14:32.909584+0000 INFO Resposta enviada
2025-02-13T21:14:32.910754+0000 INFO Tempo de processamento
2025-02-13T21:15:02.997207+0000 INFO Requisição recebida
2025-02-13T21:15:03.006923+0000 INFO Resposta enviada
2025-02-13T21:15:03.009006+0000 INFO Tempo de processamento
2025-02-13T21:15:33.091198+0000 INFO Requisição recebida
2025-02-13T21:15:33.096757+0000 INFO Resposta enviada
2025-02-13T21:15:33.097768+0000 INFO Tempo de processamento
2025-02-13T21:16:03.172506+0000 INFO Requisição recebida
2025-02-13T21:16:03.176867+0000 INFO Resposta enviada
2025-02-13T21:16:03.177650+0000 INFO Tempo de processamento
2025-02-13T21:16:33.277491+0000 INFO Requisição recebida
2025-02-13T21:16:33.285464+0000 INFO Resposta enviada
2025-02-13T21:16:33.286809+0000 INFO Tempo de processamento
2025-02-13T21:17:03.404815+0000 INFO Requisição recebida
2025-02-13T21:17:03.414576+0000 INFO Resposta enviada
2025-02-13T21:17:03.415569+0000 INFO Tempo de processamento
2025-02-13T21:17:33.612492+0000 INFO Requisição recebida
2025-02-13T21:17:33.616897+0000 INFO Resposta enviada
2025-02-13T21:17:33.617699+0000 INFO Tempo de processamento
2025-02-13T21:18:03.686061+0000 INFO Requisição recebida
2025-02-13T21:18:03.693851+0000 INFO Resposta enviada
2025-02-13T21:18:03.696269+0000 INFO Tempo de processamento
2025-02-13T21:18:33.781590+0000 INFO Requisição recebida
2025-02-13T21:18:33.787512+0000 INFO Resposta enviada
2025-02-13T21:18:33.788481+0000 INFO Tempo de processamento
2025-02-13T21:19:03.842797+0000 INFO Requisição recebida
2025-02-13T21:19:03.843816+0000 INFO Resposta enviada
2025-02-13T21:19:03.844188+0000 INFO Tempo de processamento
2025-02-13T21:19:33.932015+0000 INFO Requisição recebida
2025-02-13T21:19:33.939196+0000 INFO Resposta enviada
2025-02-13T21:19:33.940248+0000 INFO Tempo de processamento
2025-02-13T21:20:04.021927+0000 INFO Requisição recebida
2025-02-13T21:20:04.031265+0000 INFO Resposta enviada
2025-02-13T21:20:04.032507+0000 INFO Tempo de processamento
2025-02-13T21:20:34.135909+0000 INFO Requisição recebida
2025-02-13T21:20:34.142008+0000 INFO Resposta enviada
2025-02-13T21:20:34.142954+0000 INFO Tempo de processamento
2025-02-13T21:21:04.252458+0000 INFO Requisição recebida
2025-02-13T21:21:04.259479+0000 INFO Resposta enviada
2025-02-13T21:21:04.260566+0000 INFO Tempo de processamento
2025-02-13T21:21:34.340159+0000 INFO Requisição recebida
2025-02-13T21:21:34.347034+0000 INFO Resposta enviada
2025-02-13T21:21:34.348126+0000 INFO Tempo de processamento
2025-02-13T21:22:04.407998+0000 INFO Requisição recebida
2025-02-13T21:22:04.411513+0000 INFO Resposta enviada
2025-02-13T21:22:04.412157+0000 INFO Tempo de processamento
2025-02-13T21:22:34.485635+0000 INFO Requisição recebida
2025-02-13T21:22:34.490075+0000 INFO Resposta enviada
2025-02-13T21:22:34.491091+0000 INFO Tempo de processamento
2025-02-13T21:23:04.578297+0000 INFO Requisição recebida
2025-02-13T21:23:04.582102+0000 INFO Resposta enviada
2025-02-13T21:23:04.582946+0000 INFO Tempo de processamento
2025-02-13T21:23:34.714215+0000 INFO Requisição recebida
2025-02-13T21:23:34.724499+0000 INFO Resposta enviada
2025-02-13T21:23:34.725993+0000 INFO Tempo de processamento
2025-02-13T21:24:04.808003+0000 INFO Requisição recebida
2025-02-13T21:24:04.810774+0000 INFO Resposta enviada
2025-02-13T21:24:04.811452+0000 INFO Tempo de processamento
2025-02-13T21:24:34.904714+0000 INFO Requisição recebida
2025-02-13T21:24:34.911475+0000 INFO Resposta enviada
2025-02-13T21:24:34.912495+0000 INFO Tempo de processamento
2025-02-13T21:25:04.981514+0000 INFO Requisição recebida
2025-02-13T21:25:04.984156+0000 INFO Resposta enviada
2025-02-13T21:25:04.984865+0000 INFO Tempo de processamento
2025-02-13T21:25:35.079992+0000 INFO Requisição recebida
2025-02-13T21:25:35.087740+0000 INFO Resposta enviada
2025-02-13T21:25:35.088906+0000 INFO Tempo de processamento
2025-02-13T21:26:05.172026+0000 INFO Requisição recebida
2025-02-13T21:26:05.178727+0000 INFO Resposta enviada
2025-02-13T21:26:05.179780+0000 INFO Tempo de processamento
2025-02-13T21:26:35.256786+0000 INFO Requisição recebida
2025-02-13T21:26:35.260190+0000 INFO Resposta enviada
2025-02-13T21:26:35.261174+0000 INFO Tempo de processamento
2025-02-13T21:27:05.329996+0000 INFO Requisição recebida
2025-02-13T21:27:05.334062+0000 INFO Resposta enviada
2025-02-13T21:27:05.334996+0000 INFO Tempo de processamento
2025-02-13T21:27:35.377408+0000 INFO Requisição recebida
2025-02-13T21:27:35.380807+0000 INFO Resposta enviada
2025-02-13T21:27:35.381446+0000 INFO Tempo de processamento
2025-02-13T21:28:05.470999+0000 INFO Requisição recebida
2025-02-13T21:28:05.480804+0000 INFO Resposta enviada
2025-02-13T21:28:05.482096+0000 INFO Tempo de processamento
2025-02-13T21:28:35.574843+0000 INFO Requisição recebida
2025-02-13T21:28:35.587288+0000 INFO Resposta enviada
2025-02-13T21:28:35.589091+0000 INFO Tempo de processamento
2025-02-13T21:29:05.667697+0000 INFO Requisição recebida
2025-02-13T21:29:05.674467+0000 INFO Resposta enviada
2025-02-13T21:29:05.675641+0000 INFO Tempo de processamento
2025-02-13T21:29:35.763987+0000 INFO Requisição recebida
2025-02-13T21:29:35.770764+0000 INFO Resposta enviada
2025-02-13T21:29:35.771895+0000 INFO Tempo de processamento
2025-02-13T21:30:05.848842+0000 INFO Requisição recebida
2025-02-13T21:30:05.855845+0000 INFO Resposta enviada
2025-02-13T21:30:05.856990+0000 INFO Tempo de processamento
2025-02-13T21:30:35.940134+0000 INFO Requisição recebida
2025-02-13T21:30:35.947284+0000 INFO Resposta enviada
2025-02-13T21:30:35.948329+0000 INFO Tempo de processamento
2025-02-13T21:31:06.061024+0000 INFO Requisição recebida
2025-02-13T21:31:06.068607+0000 INFO Resposta enviada
2025-02-13T21:31:06.069670+0000 INFO Tempo de processamento
2025-02-13T21:31:36.143141+0000 INFO Requisição recebida
2025-02-13T21:31:36.150628+0000 INFO Resposta enviada
2025-02-13T21:31:36.151757+0000 INFO Tempo de processamento
2025-02-13T21:32:06.242909+0000 INFO Requisição recebida
2025-02-13T21:32:06.250300+0000 INFO Resposta enviada
2025-02-13T21:32:06.251286+0000 INFO Tempo de processamento
2025-02-13T21:32:36.306573+0000 INFO Requisição recebida
2025-02-13T21:32:36.319206+0000 INFO Resposta enviada
2025-02-13T21:32:36.321462+0000 INFO Tempo de processamento
2025-02-13T21:33:06.413200+0000 INFO Requisição recebida
2025-02-13T21:33:06.421949+0000 INFO Resposta enviada
2025-02-13T21:33:06.423441+0000 INFO Tempo de processamento
2025-02-13T21:33:36.517526+0000 INFO Requisição recebida
2025-02-13T21:33:36.524315+0000 INFO Resposta enviada
2025-02-13T21:33:36.525498+0000 INFO Tempo de processamento
2025-02-13T21:34:06.608271+0000 INFO Requisição recebida
2025-02-13T21:34:06.630293+0000 INFO Resposta enviada
2025-02-13T21:34:06.633654+0000 INFO Tempo de processamento
2025-02-13T21:34:36.710281+0000 INFO Requisição recebida
2025-02-13T21:34:36.717420+0000 INFO Resposta enviada
2025-02-13T21:34:36.718551+0000 INFO Tempo de processamento
2025-02-13T21:35:06.802649+0000 INFO Requisição recebida
2025-02-13T21:35:06.808861+0000 INFO Resposta enviada
2025-02-13T21:35:06.809889+0000 INFO Tempo de processamento
2025-02-13T21:35:36.903283+0000 INFO Requisição recebida
2025-02-13T21:35:36.910482+0000 INFO Resposta enviada
2025-02-13T21:35:36.911657+0000 INFO Tempo de processamento
2025-02-13T21:36:06.990342+0000 INFO Requisição recebida
2025-02-13T21:36:06.999606+0000 INFO Resposta enviada
2025-02-13T21:36:07.000831+0000 INFO Tempo de processamento
2025-02-13T21:36:37.096112+0000 INFO Requisição recebida
2025-02-13T21:36:37.103154+0000 INFO Resposta enviada
2025-02-13T21:36:37.104204+0000 INFO Tempo de processamento
2025-02-13T21:37:07.190597+0000 INFO Requisição recebida
2025-02-13T21:37:07.198240+0000 INFO Resposta enviada
2025-02-13T21:37:07.199459+0000 INFO Tempo de processamento
2025-02-13T21:37:37.296029+0000 INFO Requisição recebida
2025-02-13T21:37:37.306827+0000 INFO Resposta enviada
2025-02-13T21:37:37.308809+0000 INFO Tempo de processamento
2025-02-13T21:38:07.384511+0000 INFO Requisição recebida
2025-02-13T21:38:07.390843+0000 INFO Resposta enviada
2025-02-13T21:38:07.393406+0000 INFO Tempo de processamento
2025-02-13T21:38:37.511779+0000 INFO Requisição recebida
2025-02-13T21:38:37.519180+0000 INFO Resposta enviada
2025-02-13T21:38:37.520230+0000 INFO Tempo de processamento
2025-02-13T21:39:07.633620+0000 INFO Requisição recebida
2025-02-13T21:39:07.647673+0000 INFO Resposta enviada
2025-02-13T21:39:07.648966+0000 INFO Tempo de processamento
2025-02-13T21:39:37.718786+0000 INFO Requisição recebida
2025-02-13T21:39:37.725677+0000 INFO Resposta enviada
2025-02-13T21:39:37.726656+0000 INFO Tempo de processamento
2025-02-13T21:40:07.834227+0000 INFO Requisição recebida
2025-02-13T21:40:07.842222+0000 INFO Resposta enviada
2025-02-13T21:40:07.843217+0000 INFO Tempo de processamento
2025-02-13T21:40:37.908798+0000 INFO Requisição recebida
2025-02-13T21:40:37.916228+0000 INFO Resposta enviada
2025-02-13T21:40:37.917735+0000 INFO Tempo de processamento
2025-02-13T21:41:08.020574+0000 INFO Requisição recebida
2025-02-13T21:41:08.028094+0000 INFO Resposta enviada
2025-02-13T21:41:08.029277+0000 INFO Tempo de processamento
2025-02-13T21:41:38.125991+0000 INFO Requisição recebida
2025-02-13T21:41:38.133477+0000 INFO Resposta enviada
2025-02-13T21:41:38.134666+0000 INFO Tempo de processamento
2025-02-13T21:42:08.225430+0000 INFO Requisição recebida
2025-02-13T21:42:08.232817+0000 INFO Resposta enviada
2025-02-13T21:42:08.234710+0000 INFO Tempo de processamento
2025-02-13T21:42:38.334960+0000 INFO Requisição recebida
2025-02-13T21:42:38.343183+0000 INFO Resposta enviada
2025-02-13T21:42:38.344448+0000 INFO Tempo de processamento
2025-02-13T21:43:08.434838+0000 INFO Requisição recebida
2025-02-13T21:43:08.442829+0000 INFO Resposta enviada
2025-02-13T21:43:08.443985+0000 INFO Tempo de processamento
2025-02-13T21:43:38.517395+0000 INFO Requisição recebida
2025-02-13T21:43:38.524585+0000 INFO Resposta enviada
2025-02-13T21:43:38.525825+0000 INFO Tempo de processamento
2025-02-13T21:44:08.619537+0000 INFO Requisição recebida
2025-02-13T21:44:08.633319+0000 INFO Resposta enviada
2025-02-13T21:44:08.635734+0000 INFO Tempo de processamento
2025-02-13T21:44:38.756073+0000 INFO Requisição recebida
2025-02-13T21:44:38.765274+0000 INFO Resposta enviada
2025-02-13T21:44:38.767743+0000 INFO Tempo de processamento
2025-02-13T21:45:08.863401+0000 INFO Requisição recebida
2025-02-13T21:45:08.870490+0000 INFO Resposta enviada
2025-02-13T21:45:08.871606+0000 INFO Tempo de processamento
2025-02-13T21:45:38.977093+0000 INFO Requisição recebida
2025-02-13T21:45:38.983456+0000 INFO Resposta enviada
2025-02-13T21:45:38.984504+0000 INFO Tempo de processamento
2025-02-13T21:46:09.084474+0000 INFO Requisição recebida
2025-02-13T21:46:09.091902+0000 INFO Resposta enviada
2025-02-13T21:46:09.093376+0000 INFO Tempo de processamento
2025-02-13T21:46:39.180840+0000 INFO Requisição recebida
2025-02-13T21:46:39.186669+0000 INFO Resposta enviada
2025-02-13T21:46:39.187630+0000 INFO Tempo de processamento
2025-02-13T21:47:09.233748+0000 INFO Requisição recebida
2025-02-13T21:47:09.236735+0000 INFO Resposta enviada
2025-02-13T21:47:09.237519+0000 INFO Tempo de processamento
2025-02-13T21:47:39.316837+0000 INFO Requisição recebida
2025-02-13T21:47:39.320454+0000 INFO Resposta enviada
2025-02-13T21:47:39.321221+0000 INFO Tempo de processamento
2025-02-13T21:48:09.396140+0000 INFO Requisição recebida
2025-02-13T21:48:09.403900+0000 INFO Resposta enviada
2025-02-13T21:48:09.405002+0000 INFO Tempo de processamento
2025-02-13T21:48:39.484691+0000 INFO Requisição recebida
2025-02-13T21:48:39.500938+0000 INFO Resposta enviada
2025-02-13T21:48:39.504573+0000 INFO Tempo de processamento
2025-02-13T21:49:09.604607+0000 INFO Requisição recebida
2025-02-13T21:49:09.621108+0000 INFO Resposta enviada
2025-02-13T21:49:09.622408+0000 INFO Tempo de processamento
2025-02-13T21:49:39.712512+0000 INFO Requisição recebida
2025-02-13T21:49:39.719703+0000 INFO Resposta enviada
2025-02-13T21:49:39.720742+0000 INFO Tempo de processamento
2025-02-13T21:50:09.793407+0000 INFO Requisição recebida
2025-02-13T21:50:09.801284+0000 INFO Resposta enviada
2025-02-13T21:50:09.802467+0000 INFO Tempo de processamento
2025-02-13T21:50:39.888150+0000 INFO Requisição recebida
2025-02-13T21:50:39.895653+0000 INFO Resposta enviada
2025-02-13T21:50:39.896783+0000 INFO Tempo de processamento
2025-02-13T21:51:10.108050+0000 INFO Requisição recebida
2025-02-13T21:51:10.115135+0000 INFO Resposta enviada
2025-02-13T21:51:10.116325+0000 INFO Tempo de processamento
2025-02-13T21:51:40.213530+0000 INFO Requisição recebida
2025-02-13T21:51:40.220936+0000 INFO Resposta enviada
2025-02-13T21:51:40.222260+0000 INFO Tempo de processamento
2025-02-13T21:52:10.325155+0000 INFO Requisição recebida
2025-02-13T21:52:10.331123+0000 INFO Resposta enviada
2025-02-13T21:52:10.332278+0000 INFO Tempo de processamento
2025-02-13T21:52:40.439771+0000 INFO Requisição recebida
2025-02-13T21:52:40.448573+0000 INFO Resposta enviada
2025-02-13T21:52:40.449766+0000 INFO Tempo de processamento
2025-02-13T21:53:10.540442+0000 INFO Requisição recebida
2025-02-13T21:53:10.548680+0000 INFO Resposta enviada
2025-02-13T21:53:10.550439+0000 INFO Tempo de processamento
2025-02-13T21:53:40.643147+0000 INFO Requisição recebida
2025-02-13T21:53:40.651545+0000 INFO Resposta enviada
2025-02-13T21:53:40.652682+0000 INFO Tempo de processamento
2025-02-13T21:54:10.758588+0000 INFO Requisição recebida
2025-02-13T21:54:10.765329+0000 INFO Resposta enviada
2025-02-13T21:54:10.766449+0000 INFO Tempo de processamento
2025-02-13T21:54:40.859741+0000 INFO Requisição recebida
2025-02-13T21:54:40.866402+0000 INFO Resposta enviada
2025-02-13T21:54:40.867338+0000 INFO Tempo de processamento
2025-02-13T21:55:10.962617+0000 INFO Requisição recebida
2025-02-13T21:55:10.973280+0000 INFO Resposta enviada
2025-02-13T21:55:10.974451+0000 INFO Tempo de processamento
2025-02-13T21:55:41.083735+0000 INFO Requisição recebida
2025-02-13T21:55:41.105683+0000 INFO Resposta enviada
2025-02-13T21:55:41.108133+0000 INFO Tempo de processamento
2025-02-13T21:56:11.188617+0000 INFO Requisição recebida
2025-02-13T21:56:11.206869+0000 INFO Resposta enviada
2025-02-13T21:56:11.208076+0000 INFO Tempo de processamento
2025-02-13T21:56:41.300234+0000 INFO Requisição recebida
2025-02-13T21:56:41.313081+0000 INFO Resposta enviada
2025-02-13T21:56:41.314725+0000 INFO Tempo de processamento
2025-02-13T21:57:11.405813+0000 INFO Requisição recebida
2025-02-13T21:57:11.420055+0000 INFO Resposta enviada
2025-02-13T21:57:11.422206+0000 INFO Tempo de processamento
2025-02-13T21:57:41.512210+0000 INFO Requisição recebida
2025-02-13T21:57:41.526361+0000 INFO Resposta enviada
2025-02-13T21:57:41.528895+0000 INFO Tempo de processamento
2025-02-13T21:58:11.659708+0000 INFO Requisição recebida
2025-02-13T21:58:11.671231+0000 INFO Resposta enviada
2025-02-13T21:58:11.672406+0000 INFO Tempo de processamento
2025-02-13T21:58:41.765466+0000 INFO Requisição recebida
2025-02-13T21:58:41.773669+0000 INFO Resposta enviada
2025-02-13T21:58:41.774703+0000 INFO Tempo de processamento
2025-02-13T21:59:11.916185+0000 INFO Requisição recebida
2025-02-13T21:59:11.925251+0000 INFO Resposta enviada
2025-02-13T21:59:11.926526+0000 INFO Tempo de processamento
2025-02-13T21:59:42.042710+0000 INFO Requisição recebida
2025-02-13T21:59:42.059837+0000 INFO Resposta enviada
2025-02-13T21:59:42.061101+0000 INFO Tempo de processamento
2025-02-13T22:00:12.182414+0000 INFO Requisição recebida
2025-02-13T22:00:12.193971+0000 INFO Resposta enviada
2025-02-13T22:00:12.196346+0000 INFO Tempo de processamento
2025-02-13T22:00:42.300775+0000 INFO Requisição recebida
2025-02-13T22:00:42.308820+0000 INFO Resposta enviada
2025-02-13T22:00:42.309686+0000 INFO Tempo de processamento
2025-02-13T22:01:12.417779+0000 INFO Requisição recebida
2025-02-13T22:01:12.438191+0000 INFO Resposta enviada
2025-02-13T22:01:12.440032+0000 INFO Tempo de processamento
2025-02-13T22:01:42.531159+0000 INFO Requisição recebida
2025-02-13T22:01:42.537235+0000 INFO Resposta enviada
2025-02-13T22:01:42.538309+0000 INFO Tempo de processamento
2025-02-13T22:02:12.661613+0000 INFO Requisição recebida
2025-02-13T22:02:12.669238+0000 INFO Resposta enviada
2025-02-13T22:02:12.670317+0000 INFO Tempo de processamento
2025-02-13T22:02:42.765031+0000 INFO Requisição recebida
2025-02-13T22:02:42.785202+0000 INFO Resposta enviada
2025-02-13T22:02:42.787643+0000 INFO Tempo de processamento
2025-02-13T22:03:12.894190+0000 INFO Requisição recebida
2025-02-13T22:03:12.906659+0000 INFO Resposta enviada
2025-02-13T22:03:12.907889+0000 INFO Tempo de processamento
2025-02-13T22:03:42.997583+0000 INFO Requisição recebida
2025-02-13T22:03:43.008580+0000 INFO Resposta enviada
2025-02-13T22:03:43.009663+0000 INFO Tempo de processamento
2025-02-13T22:04:13.098761+0000 INFO Requisição recebida
2025-02-13T22:04:13.105769+0000 INFO Resposta enviada
2025-02-13T22:04:13.106956+0000 INFO Tempo de processamento
2025-02-13T22:04:43.210479+0000 INFO Requisição recebida
2025-02-13T22:04:43.218388+0000 INFO Resposta enviada
2025-02-13T22:04:43.219494+0000 INFO Tempo de processamento
2025-02-13T22:05:13.288147+0000 INFO Requisição recebida
2025-02-13T22:05:13.295098+0000 INFO Resposta enviada
2025-02-13T22:05:13.295909+0000 INFO Tempo de processamento
2025-02-13T22:05:43.389684+0000 INFO Requisição recebida
2025-02-13T22:05:43.401778+0000 INFO Resposta enviada
2025-02-13T22:05:43.403652+0000 INFO Tempo de processamento
2025-02-13T22:06:13.504877+0000 INFO Requisição recebida
2025-02-13T22:06:13.513660+0000 INFO Resposta enviada
2025-02-13T22:06:13.514896+0000 INFO Tempo de processamento
2025-02-13T22:06:43.615835+0000 INFO Requisição recebida
2025-02-13T22:06:43.630209+0000 INFO Resposta enviada
2025-02-13T22:06:43.631842+0000 INFO Tempo de processamento
2025-02-13T22:07:14.894077+0000 INFO Requisição recebida
2025-02-13T22:07:14.914131+0000 INFO Resposta enviada
2025-02-13T22:07:14.917659+0000 INFO Tempo de processamento
2025-02-13T22:22:50.049929+0000 INFO Requisição recebida
2025-02-13T22:22:50.066413+0000 INFO Resposta enviada
2025-02-13T22:22:50.067454+0000 INFO Tempo de processamento
2025-02-13T22:23:20.271609+0000 INFO Requisição recebida
2025-02-13T22:23:20.297103+0000 INFO Resposta enviada
2025-02-13T22:23:20.298677+0000 INFO Tempo de processamento
2025-02-13T22:36:39.313680+0000 INFO Requisição recebida
2025-02-13T22:36:39.320397+0000 INFO Resposta enviada
2025-02-13T22:36:39.321423+0000 INFO Tempo de processamento
2025-02-13T22:37:09.415867+0000 INFO Requisição recebida
2025-02-13T22:37:09.422873+0000 INFO Resposta enviada
2025-02-13T22:37:09.423787+0000 INFO Tempo de processamento
2025-02-13T22:37:39.541566+0000 INFO Requisição recebida
2025-02-13T22:37:39.556063+0000 INFO Resposta enviada
2025-02-13T22:37:39.556874+0000 INFO Tempo de processamento
2025-02-13T22:38:09.645105+0000 INFO Requisição recebida
2025-02-13T22:38:09.653796+0000 INFO Resposta enviada
2025-02-13T22:38:09.654781+0000 INFO Tempo de processamento
2025-02-13T22:38:39.712987+0000 INFO Requisição recebida
2025-02-13T22:38:39.718238+0000 INFO Resposta enviada
2025-02-13T22:38:39.719677+0000 INFO Tempo de processamento
2025-02-13T22:39:09.798672+0000 INFO Requisição recebida
2025-02-13T22:39:09.806753+0000 INFO Resposta enviada
2025-02-13T22:39:09.807929+0000 INFO Tempo de processamento
2025-02-13T22:39:39.900732+0000 INFO Requisição recebida
2025-02-13T22:39:39.906964+0000 INFO Resposta enviada
2025-02-13T22:39:39.908134+0000 INFO Tempo de processamento
2025-02-13T22:40:09.999633+0000 INFO Requisição recebida
2025-02-13T22:40:10.007429+0000 INFO Resposta enviada
2025-02-13T22:40:10.008283+0000 INFO Tempo de processamento
2025-02-13T22:40:40.102612+0000 INFO Requisição recebida
2025-02-13T22:40:40.109517+0000 INFO Resposta enviada
2025-02-13T22:40:40.110387+0000 INFO Tempo de processamento
2025-02-13T22:41:10.202559+0000 INFO Requisição recebida
2025-02-13T22:41:10.208759+0000 INFO Resposta enviada
2025-02-13T22:41:10.209789+0000 INFO Tempo de processamento
2025-02-13T22:41:40.310403+0000 INFO Requisição recebida
2025-02-13T22:41:40.315952+0000 INFO Resposta enviada
2025-02-13T22:41:40.316845+0000 INFO Tempo de processamento
2025-02-13T22:42:10.400088+0000 INFO Requisição recebida
2025-02-13T22:42:10.409874+0000 INFO Resposta enviada
2025-02-13T22:42:10.412022+0000 INFO Tempo de processamento
2025-02-13T22:42:40.506165+0000 INFO Requisição recebida
2025-02-13T22:42:40.511835+0000 INFO Resposta enviada
2025-02-13T22:42:40.512919+0000 INFO Tempo de processamento
2025-02-13T22:43:10.615349+0000 INFO Requisição recebida
2025-02-13T22:43:10.623090+0000 INFO Resposta enviada
2025-02-13T22:43:10.624046+0000 INFO Tempo de processamento
2025-02-13T22:43:40.716763+0000 INFO Requisição recebida
2025-02-13T22:43:40.723884+0000 INFO Resposta enviada
2025-02-13T22:43:40.725322+0000 INFO Tempo de processamento
2025-02-13T22:44:10.814021+0000 INFO Requisição recebida
2025-02-13T22:44:10.820296+0000 INFO Resposta enviada
2025-02-13T22:44:10.821007+0000 INFO Tempo de processamento
2025-02-13T22:44:40.902935+0000 INFO Requisição recebida
2025-02-13T22:44:40.909175+0000 INFO Resposta enviada
2025-02-13T22:44:40.910052+0000 INFO Tempo de processamento
2025-02-13T22:45:11.002645+0000 INFO Requisição recebida
2025-02-13T22:45:11.013267+0000 INFO Resposta enviada
2025-02-13T22:45:11.014381+0000 INFO Tempo de processamento
2025-02-13T22:45:41.088923+0000 INFO Requisição recebida
2025-02-13T22:45:41.093283+0000 INFO Resposta enviada
2025-02-13T22:45:41.094097+0000 INFO Tempo de processamento
2025-02-13T22:46:11.155201+0000 INFO Requisição recebida
2025-02-13T22:46:11.163902+0000 INFO Resposta enviada
2025-02-13T22:46:11.167623+0000 INFO Tempo de processamento
2025-02-13T22:46:41.254926+0000 INFO Requisição recebida
2025-02-13T22:46:41.260569+0000 INFO Resposta enviada
2025-02-13T22:46:41.262190+0000 INFO Tempo de processamento
2025-02-13T22:47:11.359608+0000 INFO Requisição recebida
2025-02-13T22:47:11.365576+0000 INFO Resposta enviada
2025-02-13T22:47:11.366468+0000 INFO Tempo de processamento
2025-02-13T22:47:41.502723+0000 INFO Requisição recebida
2025-02-13T22:47:41.508851+0000 INFO Resposta enviada
2025-02-13T22:47:41.509892+0000 INFO Tempo de processamento
2025-02-13T22:48:11.623510+0000 INFO Requisição recebida
2025-02-13T22:48:11.630379+0000 INFO Resposta enviada
2025-02-13T22:48:11.631459+0000 INFO Tempo de processamento
2025-02-13T22:48:41.728071+0000 INFO Requisição recebida
2025-02-13T22:48:41.736547+0000 INFO Resposta enviada
2025-02-13T22:48:41.738030+0000 INFO Tempo de processamento
2025-02-13T22:49:11.796164+0000 INFO Requisição recebida
2025-02-13T22:49:11.801234+0000 INFO Resposta enviada
2025-02-13T22:49:11.802029+0000 INFO Tempo de processamento
2025-02-13T22:49:41.895523+0000 INFO Requisição recebida
2025-02-13T22:49:41.901100+0000 INFO Resposta enviada
2025-02-13T22:49:41.902069+0000 INFO Tempo de processamento
2025-02-13T22:50:12.012300+0000 INFO Requisição recebida
2025-02-13T22:50:12.033595+0000 INFO Resposta enviada
2025-02-13T22:50:12.034813+0000 INFO Tempo de processamento
2025-02-13T22:50:42.139775+0000 INFO Requisição recebida
2025-02-13T22:50:42.162568+0000 INFO Resposta enviada
2025-02-13T22:50:42.164169+0000 INFO Tempo de processamento
2025-02-13T22:51:12.270725+0000 INFO Requisição recebida
2025-02-13T22:51:12.276299+0000 INFO Resposta enviada
2025-02-13T22:51:12.277498+0000 INFO Tempo de processamento
2025-02-13T22:51:42.373884+0000 INFO Requisição recebida
2025-02-13T22:51:42.384346+0000 INFO Resposta enviada
2025-02-13T22:51:42.385494+0000 INFO Tempo de processamento
2025-02-13T22:52:12.508711+0000 INFO Requisição recebida
2025-02-13T22:52:12.516966+0000 INFO Resposta enviada
2025-02-13T22:52:12.519554+0000 INFO Tempo de processamento
2025-02-13T22:52:42.624992+0000 INFO Requisição recebida
2025-02-13T22:52:42.636605+0000 INFO Resposta enviada
2025-02-13T22:52:42.637855+0000 INFO Tempo de processamento
2025-02-13T22:53:12.709998+0000 INFO Requisição recebida
2025-02-13T22:53:12.717367+0000 INFO Resposta enviada
2025-02-13T22:53:12.718412+0000 INFO Tempo de processamento
2025-02-13T22:53:42.796625+0000 INFO Requisição recebida
2025-02-13T22:53:42.820447+0000 INFO Resposta enviada
2025-02-13T22:53:42.822156+0000 INFO Tempo de processamento
2025-02-13T22:54:12.922567+0000 INFO Requisição recebida
2025-02-13T22:54:12.929430+0000 INFO Resposta enviada
2025-02-13T22:54:12.930385+0000 INFO Tempo de processamento
2025-02-13T22:54:43.065005+0000 INFO Requisição recebida
2025-02-13T22:54:43.076391+0000 INFO Resposta enviada
2025-02-13T22:54:43.078057+0000 INFO Tempo de processamento
2025-02-13T22:55:13.160371+0000 INFO Requisição recebida
2025-02-13T22:55:13.167981+0000 INFO Resposta enviada
2025-02-13T22:55:13.169057+0000 INFO Tempo de processamento
2025-02-13T22:55:43.279193+0000 INFO Requisição recebida
2025-02-13T22:55:43.298261+0000 INFO Resposta enviada
2025-02-13T22:55:43.311664+0000 INFO Tempo de processamento
2025-02-13T22:56:13.437035+0000 INFO Requisição recebida
2025-02-13T22:56:13.444178+0000 INFO Resposta enviada
2025-02-13T22:56:13.445213+0000 INFO Tempo de processamento
2025-02-13T22:56:43.609016+0000 INFO Requisição recebida
2025-02-13T22:56:43.622692+0000 INFO Resposta enviada
2025-02-13T22:56:43.623778+0000 INFO Tempo de processamento
2025-02-13T22:57:13.712094+0000 INFO Requisição recebida
2025-02-13T22:57:13.718442+0000 INFO Resposta enviada
2025-02-13T22:57:13.719682+0000 INFO Tempo de processamento
2025-02-13T22:57:43.831652+0000 INFO Requisição recebida
2025-02-13T22:57:43.842142+0000 INFO Resposta enviada
2025-02-13T22:57:43.843781+0000 INFO Tempo de processamento
2025-02-13T22:58:13.934039+0000 INFO Requisição recebida
2025-02-13T22:58:13.960477+0000 INFO Resposta enviada
2025-02-13T22:58:13.961714+0000 INFO Tempo de processamento
2025-02-13T22:58:44.072781+0000 INFO Requisição recebida
2025-02-13T22:58:44.079155+0000 INFO Resposta enviada
2025-02-13T22:58:44.080224+0000 INFO Tempo de processamento
2025-02-13T22:59:14.155650+0000 INFO Requisição recebida
2025-02-13T22:59:14.163510+0000 INFO Resposta enviada
2025-02-13T22:59:14.164597+0000 INFO Tempo de processamento
2025-02-13T22:59:44.253337+0000 INFO Requisição recebida
2025-02-13T22:59:44.261169+0000 INFO Resposta enviada
2025-02-13T22:59:44.262232+0000 INFO Tempo de processamento
2025-02-13T23:00:14.349983+0000 INFO Requisição recebida
2025-02-13T23:00:14.363572+0000 INFO Resposta enviada
2025-02-13T23:00:14.365920+0000 INFO Tempo de processamento
2025-02-13T23:00:44.468721+0000 INFO Requisição recebida
2025-02-13T23:00:44.483783+0000 INFO Resposta enviada
2025-02-13T23:00:44.484879+0000 INFO Tempo de processamento
2025-02-13T23:01:14.600283+0000 INFO Requisição recebida
2025-02-13T23:01:14.606336+0000 INFO Resposta enviada
2025-02-13T23:01:14.607179+0000 INFO Tempo de processamento
2025-02-13T23:01:44.693339+0000 INFO Requisição recebida
2025-02-13T23:01:44.698786+0000 INFO Resposta enviada
2025-02-13T23:01:44.699667+0000 INFO Tempo de processamento
2025-02-13T23:02:14.788756+0000 INFO Requisição recebida
2025-02-13T23:02:14.794730+0000 INFO Resposta enviada
2025-02-13T23:02:14.795584+0000 INFO Tempo de processamento
2025-02-13T23:02:44.872049+0000 INFO Requisição recebida
2025-02-13T23:02:44.878479+0000 INFO Resposta enviada
2025-02-13T23:02:44.879364+0000 INFO Tempo de processamento
2025-02-13T23:03:15.026274+0000 INFO Requisição recebida
2025-02-13T23:03:15.032260+0000 INFO Resposta enviada
2025-02-13T23:03:15.033066+0000 INFO Tempo de processamento
2025-02-13T23:03:45.125964+0000 INFO Requisição recebida
2025-02-13T23:03:45.131048+0000 INFO Resposta enviada
2025-02-13T23:03:45.132023+0000 INFO Tempo de processamento
2025-02-13T23:04:15.227376+0000 INFO Requisição recebida
2025-02-13T23:04:15.235009+0000 INFO Resposta enviada
2025-02-13T23:04:15.236576+0000 INFO Tempo de processamento
2025-02-13T23:04:45.335261+0000 INFO Requisição recebida
2025-02-13T23:04:45.341537+0000 INFO Resposta enviada
2025-02-13T23:04:45.342450+0000 INFO Tempo de processamento
2025-02-13T23:05:15.400550+0000 INFO Requisição recebida
2025-02-13T23:05:15.405393+0000 INFO Resposta enviada
2025-02-13T23:05:15.406208+0000 INFO Tempo de processamento
2025-02-13T23:05:45.490796+0000 INFO Requisição recebida
2025-02-13T23:05:45.497548+0000 INFO Resposta enviada
2025-02-13T23:05:45.498485+0000 INFO Tempo de processamento
2025-02-13T23:06:15.584907+0000 INFO Requisição recebida
2025-02-13T23:06:15.594388+0000 INFO Resposta enviada
2025-02-13T23:06:15.595301+0000 INFO Tempo de processamento
2025-02-13T23:06:45.683480+0000 INFO Requisição recebida
2025-02-13T23:06:45.701645+0000 INFO Resposta enviada
2025-02-13T23:06:45.702686+0000 INFO Tempo de processamento
2025-02-13T23:07:15.793459+0000 INFO Requisição recebida
2025-02-13T23:07:15.800591+0000 INFO Resposta enviada
2025-02-13T23:07:15.801665+0000 INFO Tempo de processamento
2025-02-13T23:07:45.883360+0000 INFO Requisição recebida
2025-02-13T23:07:45.889266+0000 INFO Resposta enviada
2025-02-13T23:07:45.890106+0000 INFO Tempo de processamento
2025-02-13T23:08:16.115872+0000 INFO Requisição recebida
2025-02-13T23:08:16.154488+0000 INFO Resposta enviada
2025-02-13T23:08:16.156654+0000 INFO Tempo de processamento
2025-02-13T23:08:46.265515+0000 INFO Requisição recebida
2025-02-13T23:08:46.280299+0000 INFO Resposta enviada
2025-02-13T23:08:46.282182+0000 INFO Tempo de processamento
2025-02-13T23:09:16.401910+0000 INFO Requisição recebida
2025-02-13T23:09:16.408617+0000 INFO Resposta enviada
2025-02-13T23:09:16.409568+0000 INFO Tempo de processamento
2025-02-13T23:09:46.496485+0000 INFO Requisição recebida
2025-02-13T23:09:46.511813+0000 INFO Resposta enviada
2025-02-13T23:09:46.512835+0000 INFO Tempo de processamento
2025-02-13T23:10:16.609055+0000 INFO Requisição recebida
2025-02-13T23:10:16.615000+0000 INFO Resposta enviada
2025-02-13T23:10:16.615760+0000 INFO Tempo de processamento
