2025-02-14T09:53:41.011642+0000 INFO Iniciando o servidor...
2025-02-14T09:53:41.037935+0000 INFO Banco de dados inicializado com sucesso.
2025-02-14T09:53:44.532689+0000 INFO Requisição recebida
2025-02-14T09:53:44.534417+0000 INFO Resposta enviada
2025-02-14T09:53:44.534762+0000 INFO Tempo de processamento
2025-02-14T09:53:44.581984+0000 INFO Requisição recebida
2025-02-14T09:53:44.582736+0000 INFO Resposta enviada
2025-02-14T09:53:44.583143+0000 INFO Tempo de processamento
2025-02-14T09:54:14.625581+0000 INFO Requisição recebida
2025-02-14T09:54:14.626888+0000 INFO Resposta enviada
2025-02-14T09:54:14.627286+0000 INFO Tempo de processamento
2025-02-14T09:54:44.708966+0000 INFO Requisição recebida
2025-02-14T09:54:44.711169+0000 INFO Resposta enviada
2025-02-14T09:54:44.711680+0000 INFO Tempo de processamento
2025-02-14T09:55:14.796280+0000 INFO Requisição recebida
2025-02-14T09:55:14.800122+0000 INFO Resposta enviada
2025-02-14T09:55:14.800844+0000 INFO Tempo de processamento
2025-02-14T09:55:44.918979+0000 INFO Requisição recebida
2025-02-14T09:55:44.929465+0000 INFO Resposta enviada
2025-02-14T09:55:44.930214+0000 INFO Tempo de processamento
2025-02-14T09:56:15.058156+0000 INFO Requisição recebida
2025-02-14T09:56:15.071254+0000 INFO Resposta enviada
2025-02-14T09:56:15.072679+0000 INFO Tempo de processamento
2025-02-14T09:56:45.205456+0000 INFO Requisição recebida
2025-02-14T09:56:45.216229+0000 INFO Resposta enviada
2025-02-14T09:56:45.217339+0000 INFO Tempo de processamento
2025-02-14T09:57:15.312587+0000 INFO Requisição recebida
2025-02-14T09:57:15.319589+0000 INFO Resposta enviada
2025-02-14T09:57:15.320481+0000 INFO Tempo de processamento
2025-02-14T09:57:45.419604+0000 INFO Requisição recebida
2025-02-14T09:57:45.436926+0000 INFO Resposta enviada
2025-02-14T09:57:45.439218+0000 INFO Tempo de processamento
2025-02-14T09:58:15.619587+0000 INFO Requisição recebida
2025-02-14T09:58:15.628826+0000 INFO Resposta enviada
2025-02-14T09:58:15.629754+0000 INFO Tempo de processamento
2025-02-14T09:58:45.898870+0000 INFO Requisição recebida
2025-02-14T09:58:45.908681+0000 INFO Resposta enviada
2025-02-14T09:58:45.909817+0000 INFO Tempo de processamento
2025-02-14T09:59:16.035276+0000 INFO Requisição recebida
2025-02-14T09:59:16.041753+0000 INFO Resposta enviada
2025-02-14T09:59:16.042531+0000 INFO Tempo de processamento
2025-02-14T09:59:46.176846+0000 INFO Requisição recebida
2025-02-14T09:59:46.183229+0000 INFO Resposta enviada
2025-02-14T09:59:46.184347+0000 INFO Tempo de processamento
2025-02-14T10:00:16.325643+0000 INFO Requisição recebida
2025-02-14T10:00:16.335205+0000 INFO Resposta enviada
2025-02-14T10:00:16.336353+0000 INFO Tempo de processamento
2025-02-14T10:00:46.470098+0000 INFO Requisição recebida
2025-02-14T10:00:46.480047+0000 INFO Resposta enviada
2025-02-14T10:00:46.480863+0000 INFO Tempo de processamento
2025-02-14T10:01:16.593906+0000 INFO Requisição recebida
2025-02-14T10:01:16.600995+0000 INFO Resposta enviada
2025-02-14T10:01:16.601856+0000 INFO Tempo de processamento
2025-02-14T10:01:46.723026+0000 INFO Requisição recebida
2025-02-14T10:01:46.737169+0000 INFO Resposta enviada
2025-02-14T10:01:46.738289+0000 INFO Tempo de processamento
2025-02-14T10:02:16.802484+0000 INFO Requisição recebida
2025-02-14T10:02:16.807108+0000 INFO Resposta enviada
2025-02-14T10:02:16.807869+0000 INFO Tempo de processamento
2025-02-14T10:02:47.398166+0000 INFO Requisição recebida
2025-02-14T10:02:47.404733+0000 INFO Resposta enviada
2025-02-14T10:02:47.406492+0000 INFO Tempo de processamento
2025-02-14T10:03:18.136885+0000 INFO Requisição recebida
2025-02-14T10:03:18.174554+0000 INFO Resposta enviada
2025-02-14T10:03:18.177398+0000 INFO Tempo de processamento
2025-02-14T10:03:48.901295+0000 INFO Requisição recebida
2025-02-14T10:03:48.910024+0000 INFO Resposta enviada
2025-02-14T10:03:48.910737+0000 INFO Tempo de processamento
2025-02-14T10:04:19.160947+0000 INFO Requisição recebida
2025-02-14T10:04:19.180884+0000 INFO Resposta enviada
2025-02-14T10:04:19.183038+0000 INFO Tempo de processamento
2025-02-14T10:04:49.450125+0000 INFO Requisição recebida
2025-02-14T10:04:49.460166+0000 INFO Resposta enviada
2025-02-14T10:04:49.460909+0000 INFO Tempo de processamento
2025-02-14T10:05:19.598334+0000 INFO Requisição recebida
2025-02-14T10:05:19.603412+0000 INFO Resposta enviada
2025-02-14T10:05:19.604285+0000 INFO Tempo de processamento
2025-02-14T10:05:50.992637+0000 INFO Requisição recebida
2025-02-14T10:05:51.005538+0000 INFO Resposta enviada
2025-02-14T10:05:51.007228+0000 INFO Tempo de processamento
2025-02-14T10:06:21.397214+0000 INFO Requisição recebida
2025-02-14T10:06:21.419713+0000 INFO Resposta enviada
2025-02-14T10:06:21.421700+0000 INFO Tempo de processamento
2025-02-14T10:06:52.107879+0000 INFO Requisição recebida
2025-02-14T10:06:52.230829+0000 INFO Resposta enviada
2025-02-14T10:06:52.238150+0000 INFO Tempo de processamento
2025-02-14T10:07:22.441444+0000 INFO Requisição recebida
2025-02-14T10:07:22.449140+0000 INFO Resposta enviada
2025-02-14T10:07:22.450204+0000 INFO Tempo de processamento
2025-02-14T10:07:52.552409+0000 INFO Requisição recebida
2025-02-14T10:07:52.557548+0000 INFO Resposta enviada
2025-02-14T10:07:52.558331+0000 INFO Tempo de processamento
2025-02-14T10:08:22.731113+0000 INFO Requisição recebida
2025-02-14T10:08:22.738258+0000 INFO Resposta enviada
2025-02-14T10:08:22.739352+0000 INFO Tempo de processamento
2025-02-14T10:08:52.880285+0000 INFO Requisição recebida
2025-02-14T10:08:52.894970+0000 INFO Resposta enviada
2025-02-14T10:08:52.899619+0000 INFO Tempo de processamento
2025-02-14T10:09:23.051559+0000 INFO Requisição recebida
2025-02-14T10:09:23.059042+0000 INFO Resposta enviada
2025-02-14T10:09:23.059931+0000 INFO Tempo de processamento
2025-02-14T10:09:53.150903+0000 INFO Requisição recebida
2025-02-14T10:09:53.155825+0000 INFO Resposta enviada
2025-02-14T10:09:53.157381+0000 INFO Tempo de processamento
2025-02-14T10:10:23.381967+0000 INFO Requisição recebida
2025-02-14T10:10:23.387561+0000 INFO Resposta enviada
2025-02-14T10:10:23.388418+0000 INFO Tempo de processamento
2025-02-14T10:10:53.520203+0000 INFO Requisição recebida
2025-02-14T10:10:53.565571+0000 INFO Resposta enviada
2025-02-14T10:10:53.567597+0000 INFO Tempo de processamento
2025-02-14T10:11:23.771073+0000 INFO Requisição recebida
2025-02-14T10:11:23.793981+0000 INFO Resposta enviada
2025-02-14T10:11:23.795284+0000 INFO Tempo de processamento
2025-02-14T10:11:53.960633+0000 INFO Requisição recebida
2025-02-14T10:11:53.970041+0000 INFO Resposta enviada
2025-02-14T10:11:53.971111+0000 INFO Tempo de processamento
2025-02-14T10:12:24.119306+0000 INFO Requisição recebida
2025-02-14T10:12:24.127068+0000 INFO Resposta enviada
2025-02-14T10:12:24.128190+0000 INFO Tempo de processamento
2025-02-14T10:12:54.270813+0000 INFO Requisição recebida
2025-02-14T10:12:54.276806+0000 INFO Resposta enviada
2025-02-14T10:12:54.277577+0000 INFO Tempo de processamento
2025-02-14T10:13:24.394060+0000 INFO Requisição recebida
2025-02-14T10:13:24.399198+0000 INFO Resposta enviada
2025-02-14T10:13:24.399916+0000 INFO Tempo de processamento
2025-02-14T10:13:25.413987+0000 INFO Requisição recebida
2025-02-14T10:13:25.415953+0000 INFO Resposta enviada
2025-02-14T10:13:25.416991+0000 INFO Tempo de processamento
2025-02-14T10:13:54.558211+0000 INFO Requisição recebida
2025-02-14T10:13:54.565265+0000 INFO Resposta enviada
2025-02-14T10:13:54.567322+0000 INFO Tempo de processamento
2025-02-14T10:14:24.962920+0000 INFO Requisição recebida
2025-02-14T10:14:24.985586+0000 INFO Resposta enviada
2025-02-14T10:14:24.991292+0000 INFO Tempo de processamento
2025-02-14T10:14:55.308846+0000 INFO Requisição recebida
2025-02-14T10:14:55.335068+0000 INFO Resposta enviada
2025-02-14T10:14:55.335710+0000 INFO Tempo de processamento
2025-02-14T10:15:25.442048+0000 INFO Requisição recebida
2025-02-14T10:15:25.446333+0000 INFO Resposta enviada
2025-02-14T10:15:25.447052+0000 INFO Tempo de processamento
2025-02-14T10:15:55.571014+0000 INFO Requisição recebida
2025-02-14T10:15:55.582822+0000 INFO Resposta enviada
2025-02-14T10:15:55.587414+0000 INFO Tempo de processamento
2025-02-14T10:16:25.700249+0000 INFO Requisição recebida
2025-02-14T10:16:25.708160+0000 INFO Resposta enviada
2025-02-14T10:16:25.709585+0000 INFO Tempo de processamento
2025-02-14T10:16:55.829137+0000 INFO Requisição recebida
2025-02-14T10:16:55.835221+0000 INFO Resposta enviada
2025-02-14T10:16:55.836201+0000 INFO Tempo de processamento
2025-02-14T10:17:25.945687+0000 INFO Requisição recebida
2025-02-14T10:17:25.950381+0000 INFO Resposta enviada
2025-02-14T10:17:25.951107+0000 INFO Tempo de processamento
2025-02-14T10:17:56.946741+0000 INFO Requisição recebida
2025-02-14T10:17:57.141045+0000 INFO Resposta enviada
2025-02-14T10:17:57.164035+0000 INFO Tempo de processamento
2025-02-14T10:18:27.543004+0000 INFO Requisição recebida
2025-02-14T10:18:27.557485+0000 INFO Resposta enviada
2025-02-14T10:18:27.560053+0000 INFO Tempo de processamento
2025-02-14T10:18:57.807007+0000 INFO Requisição recebida
2025-02-14T10:18:57.835270+0000 INFO Resposta enviada
2025-02-14T10:18:57.844739+0000 INFO Tempo de processamento
2025-02-14T10:19:30.186933+0000 INFO Requisição recebida
2025-02-14T10:19:30.393224+0000 INFO Resposta enviada
2025-02-14T10:19:30.414404+0000 INFO Tempo de processamento
2025-02-14T10:20:00.778525+0000 INFO Requisição recebida
2025-02-14T10:20:00.793421+0000 INFO Resposta enviada
2025-02-14T10:20:00.802312+0000 INFO Tempo de processamento
2025-02-14T10:20:31.299549+0000 INFO Requisição recebida
2025-02-14T10:20:31.355566+0000 INFO Resposta enviada
2025-02-14T10:20:31.356720+0000 INFO Tempo de processamento
2025-02-14T10:21:23.645630+0000 INFO Requisição recebida
2025-02-14T10:21:23.675181+0000 INFO Resposta enviada
2025-02-14T10:21:23.676693+0000 INFO Tempo de processamento
